        -:    0:Source:C:/msys64/ucrt64/include/c++/13.2.0/bits/basic_string.h
        -:    0:Graph:C:/Users/Stephen/OneDrive - Technological University Dublin/TU821-2/Sem2/Software/Project/build/CMakeFiles/MediaTests.dir/Streaming_Service.gcno
        -:    0:Data:C:/Users/Stephen/OneDrive - Technological University Dublin/TU821-2/Sem2/Software/Project/build/CMakeFiles/MediaTests.dir/Streaming_Service.gcda
        -:    0:Runs:9
        -:    1:// Components for manipulating sequences of characters -*- C++ -*-
        -:    2:
        -:    3:// Copyright (C) 1997-2023 Free Software Foundation, Inc.
        -:    4://
        -:    5:// This file is part of the GNU ISO C++ Library.  This library is free
        -:    6:// software; you can redistribute it and/or modify it under the
        -:    7:// terms of the GNU General Public License as published by the
        -:    8:// Free Software Foundation; either version 3, or (at your option)
        -:    9:// any later version.
        -:   10:
        -:   11:// This library is distributed in the hope that it will be useful,
        -:   12:// but WITHOUT ANY WARRANTY; without even the implied warranty of
        -:   13:// MERCHANTABILITY or FITNESS FOR A PARTICULAR PURPOSE.  See the
        -:   14:// GNU General Public License for more details.
        -:   15:
        -:   16:// Under Section 7 of GPL version 3, you are granted additional
        -:   17:// permissions described in the GCC Runtime Library Exception, version
        -:   18:// 3.1, as published by the Free Software Foundation.
        -:   19:
        -:   20:// You should have received a copy of the GNU General Public License and
        -:   21:// a copy of the GCC Runtime Library Exception along with this program;
        -:   22:// see the files COPYING3 and COPYING.RUNTIME respectively.  If not, see
        -:   23:// <http://www.gnu.org/licenses/>.
        -:   24:
        -:   25:/** @file bits/basic_string.h
        -:   26: *  This is an internal header file, included by other library headers.
        -:   27: *  Do not attempt to use it directly. @headername{string}
        -:   28: */
        -:   29:
        -:   30://
        -:   31:// ISO C++ 14882: 21 Strings library
        -:   32://
        -:   33:
        -:   34:#ifndef _BASIC_STRING_H
        -:   35:#define _BASIC_STRING_H 1
        -:   36:
        -:   37:#pragma GCC system_header
        -:   38:
        -:   39:#include <ext/alloc_traits.h>
        -:   40:#include <debug/debug.h>
        -:   41:
        -:   42:#if __cplusplus >= 201103L
        -:   43:#include <initializer_list>
        -:   44:#endif
        -:   45:
        -:   46:#if __cplusplus >= 201703L
        -:   47:# include <string_view>
        -:   48:#endif
        -:   49:
        -:   50:#if ! _GLIBCXX_USE_CXX11_ABI
        -:   51:# include "cow_string.h"
        -:   52:#else
        -:   53:namespace std _GLIBCXX_VISIBILITY(default)
        -:   54:{
        -:   55:_GLIBCXX_BEGIN_NAMESPACE_VERSION
        -:   56:_GLIBCXX_BEGIN_NAMESPACE_CXX11
        -:   57:
        -:   58:#ifdef __cpp_lib_is_constant_evaluated
        -:   59:// Support P0980R1 in C++20.
        -:   60:# define __cpp_lib_constexpr_string 201907L
        -:   61:#elif __cplusplus >= 201703L && _GLIBCXX_HAVE_IS_CONSTANT_EVALUATED
        -:   62:// Support P0426R1 changes to char_traits in C++17.
        -:   63:# define __cpp_lib_constexpr_string 201611L
        -:   64:#endif
        -:   65:
        -:   66:  /**
        -:   67:   *  @class basic_string basic_string.h <string>
        -:   68:   *  @brief  Managing sequences of characters and character-like objects.
        -:   69:   *
        -:   70:   *  @ingroup strings
        -:   71:   *  @ingroup sequences
        -:   72:   *  @headerfile string
        -:   73:   *  @since C++98
        -:   74:   *
        -:   75:   *  @tparam _CharT  Type of character
        -:   76:   *  @tparam _Traits  Traits for character type, defaults to
        -:   77:   *                   char_traits<_CharT>.
        -:   78:   *  @tparam _Alloc  Allocator type, defaults to allocator<_CharT>.
        -:   79:   *
        -:   80:   *  Meets the requirements of a <a href="tables.html#65">container</a>, a
        -:   81:   *  <a href="tables.html#66">reversible container</a>, and a
        -:   82:   *  <a href="tables.html#67">sequence</a>.  Of the
        -:   83:   *  <a href="tables.html#68">optional sequence requirements</a>, only
        -:   84:   *  @c push_back, @c at, and @c %array access are supported.
        -:   85:   */
        -:   86:  template<typename _CharT, typename _Traits, typename _Alloc>
        -:   87:    class basic_string
        -:   88:    {
        -:   89:      typedef typename __gnu_cxx::__alloc_traits<_Alloc>::template
        -:   90:	rebind<_CharT>::other _Char_alloc_type;
        -:   91:
        -:   92:      typedef __gnu_cxx::__alloc_traits<_Char_alloc_type> _Alloc_traits;
        -:   93:
        -:   94:      // Types:
        -:   95:    public:
        -:   96:      typedef _Traits					traits_type;
        -:   97:      typedef typename _Traits::char_type		value_type;
        -:   98:      typedef _Char_alloc_type				allocator_type;
        -:   99:      typedef typename _Alloc_traits::size_type		size_type;
        -:  100:      typedef typename _Alloc_traits::difference_type	difference_type;
        -:  101:      typedef typename _Alloc_traits::reference		reference;
        -:  102:      typedef typename _Alloc_traits::const_reference	const_reference;
        -:  103:      typedef typename _Alloc_traits::pointer		pointer;
        -:  104:      typedef typename _Alloc_traits::const_pointer	const_pointer;
        -:  105:      typedef __gnu_cxx::__normal_iterator<pointer, basic_string>  iterator;
        -:  106:      typedef __gnu_cxx::__normal_iterator<const_pointer, basic_string>
        -:  107:							const_iterator;
        -:  108:      typedef std::reverse_iterator<const_iterator>	const_reverse_iterator;
        -:  109:      typedef std::reverse_iterator<iterator>		reverse_iterator;
        -:  110:
        -:  111:      ///  Value returned by various member functions when they fail.
        -:  112:      static const size_type	npos = static_cast<size_type>(-1);
        -:  113:
        -:  114:    protected:
        -:  115:      // type used for positions in insert, erase etc.
        -:  116:#if __cplusplus < 201103L
        -:  117:      typedef iterator __const_iterator;
        -:  118:#else
        -:  119:      typedef const_iterator __const_iterator;
        -:  120:#endif
        -:  121:
        -:  122:    private:
        -:  123:      static _GLIBCXX20_CONSTEXPR pointer
        -:  124:      _S_allocate(_Char_alloc_type& __a, size_type __n)
        -:  125:      {
        -:  126:	pointer __p = _Alloc_traits::allocate(__a, __n);
        -:  127:#if __cpp_lib_constexpr_string >= 201907L
        -:  128:	// std::char_traits begins the lifetime of characters,
        -:  129:	// but custom traits might not, so do it here.
        -:  130:	if constexpr (!is_same_v<_Traits, char_traits<_CharT>>)
        -:  131:	  if (std::__is_constant_evaluated())
        -:  132:	    // Begin the lifetime of characters in allocated storage.
        -:  133:	    for (size_type __i = 0; __i < __n; ++__i)
        -:  134:	      std::construct_at(__builtin_addressof(__p[__i]));
        -:  135:#endif
        -:  136:	return __p;
        -:  137:      }
        -:  138:
        -:  139:#if __cplusplus >= 201703L
        -:  140:      // A helper type for avoiding boiler-plate.
        -:  141:      typedef basic_string_view<_CharT, _Traits> __sv_type;
        -:  142:
        -:  143:      template<typename _Tp, typename _Res>
        -:  144:	using _If_sv = enable_if_t<
        -:  145:	  __and_<is_convertible<const _Tp&, __sv_type>,
        -:  146:		 __not_<is_convertible<const _Tp*, const basic_string*>>,
        -:  147:		 __not_<is_convertible<const _Tp&, const _CharT*>>>::value,
        -:  148:	  _Res>;
        -:  149:
        -:  150:      // Allows an implicit conversion to __sv_type.
        -:  151:      _GLIBCXX20_CONSTEXPR
        -:  152:      static __sv_type
        -:  153:      _S_to_string_view(__sv_type __svt) noexcept
        -:  154:      { return __svt; }
        -:  155:
        -:  156:      // Wraps a string_view by explicit conversion and thus
        -:  157:      // allows to add an internal constructor that does not
        -:  158:      // participate in overload resolution when a string_view
        -:  159:      // is provided.
        -:  160:      struct __sv_wrapper
        -:  161:      {
        -:  162:	_GLIBCXX20_CONSTEXPR explicit
        -:  163:	__sv_wrapper(__sv_type __sv) noexcept : _M_sv(__sv) { }
        -:  164:
        -:  165:	__sv_type _M_sv;
        -:  166:      };
        -:  167:
        -:  168:      /**
        -:  169:       *  @brief  Only internally used: Construct string from a string view
        -:  170:       *          wrapper.
        -:  171:       *  @param  __svw  string view wrapper.
        -:  172:       *  @param  __a  Allocator to use.
        -:  173:       */
        -:  174:      _GLIBCXX20_CONSTEXPR
        -:  175:      explicit
        -:  176:      basic_string(__sv_wrapper __svw, const _Alloc& __a)
        -:  177:      : basic_string(__svw._M_sv.data(), __svw._M_sv.size(), __a) { }
        -:  178:#endif
        -:  179:
        -:  180:      // Use empty-base optimization: http://www.cantrip.org/emptyopt.html
        -:  181:      struct _Alloc_hider : allocator_type // TODO check __is_final
        -:  182:      {
        -:  183:#if __cplusplus < 201103L
        -:  184:	_Alloc_hider(pointer __dat, const _Alloc& __a = _Alloc())
        -:  185:	: allocator_type(__a), _M_p(__dat) { }
        -:  186:#else
        -:  187:	_GLIBCXX20_CONSTEXPR
        -:  188:	_Alloc_hider(pointer __dat, const _Alloc& __a)
        -:  189:	: allocator_type(__a), _M_p(__dat) { }
        -:  190:
        -:  191:	_GLIBCXX20_CONSTEXPR
        -:  192:	_Alloc_hider(pointer __dat, _Alloc&& __a = _Alloc())
        -:  193:	: allocator_type(std::move(__a)), _M_p(__dat) { }
        -:  194:#endif
        -:  195:
        -:  196:	pointer _M_p; // The actual data.
        -:  197:      };
        -:  198:
        -:  199:      _Alloc_hider	_M_dataplus;
        -:  200:      size_type		_M_string_length;
        -:  201:
        -:  202:      enum { _S_local_capacity = 15 / sizeof(_CharT) };
        -:  203:
        -:  204:      union
        -:  205:      {
        -:  206:	_CharT           _M_local_buf[_S_local_capacity + 1];
        -:  207:	size_type        _M_allocated_capacity;
        -:  208:      };
        -:  209:
        -:  210:      _GLIBCXX20_CONSTEXPR
        -:  211:      void
        -:  212:      _M_data(pointer __p)
        -:  213:      { _M_dataplus._M_p = __p; }
        -:  214:
        -:  215:      _GLIBCXX20_CONSTEXPR
        -:  216:      void
        -:  217:      _M_length(size_type __length)
        -:  218:      { _M_string_length = __length; }
        -:  219:
        -:  220:      _GLIBCXX20_CONSTEXPR
        -:  221:      pointer
        -:  222:      _M_data() const
        -:  223:      { return _M_dataplus._M_p; }
        -:  224:
        -:  225:      _GLIBCXX20_CONSTEXPR
        -:  226:      pointer
        -:  227:      _M_local_data()
        -:  228:      {
        -:  229:#if __cplusplus >= 201103L
        -:  230:	return std::pointer_traits<pointer>::pointer_to(*_M_local_buf);
        -:  231:#else
        -:  232:	return pointer(_M_local_buf);
        -:  233:#endif
        -:  234:      }
        -:  235:
        -:  236:      _GLIBCXX20_CONSTEXPR
        -:  237:      const_pointer
        -:  238:      _M_local_data() const
        -:  239:      {
        -:  240:#if __cplusplus >= 201103L
        -:  241:	return std::pointer_traits<const_pointer>::pointer_to(*_M_local_buf);
        -:  242:#else
        -:  243:	return const_pointer(_M_local_buf);
        -:  244:#endif
        -:  245:      }
        -:  246:
        -:  247:      _GLIBCXX20_CONSTEXPR
        -:  248:      void
        -:  249:      _M_capacity(size_type __capacity)
        -:  250:      { _M_allocated_capacity = __capacity; }
        -:  251:
        -:  252:      _GLIBCXX20_CONSTEXPR
        -:  253:      void
        -:  254:      _M_set_length(size_type __n)
        -:  255:      {
        -:  256:	_M_length(__n);
        -:  257:	traits_type::assign(_M_data()[__n], _CharT());
        -:  258:      }
        -:  259:
        -:  260:      _GLIBCXX20_CONSTEXPR
        -:  261:      bool
        -:  262:      _M_is_local() const
        -:  263:      {
        -:  264:	if (_M_data() == _M_local_data())
        -:  265:	  {
        -:  266:	    if (_M_string_length > _S_local_capacity)
        -:  267:	      __builtin_unreachable();
        -:  268:	    return true;
        -:  269:	  }
        -:  270:	return false;
        -:  271:      }
        -:  272:
        -:  273:      // Create & Destroy
        -:  274:      _GLIBCXX20_CONSTEXPR
        -:  275:      pointer
        -:  276:      _M_create(size_type&, size_type);
        -:  277:
        -:  278:      _GLIBCXX20_CONSTEXPR
        -:  279:      void
        -:  280:      _M_dispose()
        -:  281:      {
        -:  282:	if (!_M_is_local())
        -:  283:	  _M_destroy(_M_allocated_capacity);
        -:  284:      }
        -:  285:
        -:  286:      _GLIBCXX20_CONSTEXPR
        -:  287:      void
        -:  288:      _M_destroy(size_type __size) throw()
        -:  289:      { _Alloc_traits::deallocate(_M_get_allocator(), _M_data(), __size + 1); }
        -:  290:
        -:  291:#if __cplusplus < 201103L || defined _GLIBCXX_DEFINING_STRING_INSTANTIATIONS
        -:  292:      // _M_construct_aux is used to implement the 21.3.1 para 15 which
        -:  293:      // requires special behaviour if _InIterator is an integral type
        -:  294:      template<typename _InIterator>
        -:  295:        void
        -:  296:        _M_construct_aux(_InIterator __beg, _InIterator __end,
        -:  297:			 std::__false_type)
        -:  298:	{
        -:  299:          typedef typename iterator_traits<_InIterator>::iterator_category _Tag;
        -:  300:          _M_construct(__beg, __end, _Tag());
        -:  301:	}
        -:  302:
        -:  303:      // _GLIBCXX_RESOLVE_LIB_DEFECTS
        -:  304:      // 438. Ambiguity in the "do the right thing" clause
        -:  305:      template<typename _Integer>
        -:  306:        void
        -:  307:        _M_construct_aux(_Integer __beg, _Integer __end, std::__true_type)
        -:  308:	{ _M_construct_aux_2(static_cast<size_type>(__beg), __end); }
        -:  309:
        -:  310:      void
        -:  311:      _M_construct_aux_2(size_type __req, _CharT __c)
        -:  312:      { _M_construct(__req, __c); }
        -:  313:#endif
        -:  314:
        -:  315:      // For Input Iterators, used in istreambuf_iterators, etc.
        -:  316:      template<typename _InIterator>
        -:  317:	_GLIBCXX20_CONSTEXPR
        -:  318:        void
        -:  319:        _M_construct(_InIterator __beg, _InIterator __end,
        -:  320:		     std::input_iterator_tag);
        -:  321:
        -:  322:      // For forward_iterators up to random_access_iterators, used for
        -:  323:      // string::iterator, _CharT*, etc.
        -:  324:      template<typename _FwdIterator>
        -:  325:	_GLIBCXX20_CONSTEXPR
        -:  326:        void
        -:  327:        _M_construct(_FwdIterator __beg, _FwdIterator __end,
        -:  328:		     std::forward_iterator_tag);
        -:  329:
        -:  330:      _GLIBCXX20_CONSTEXPR
        -:  331:      void
        -:  332:      _M_construct(size_type __req, _CharT __c);
        -:  333:
        -:  334:      _GLIBCXX20_CONSTEXPR
        -:  335:      allocator_type&
        -:  336:      _M_get_allocator()
        -:  337:      { return _M_dataplus; }
        -:  338:
        -:  339:      _GLIBCXX20_CONSTEXPR
        -:  340:      const allocator_type&
        -:  341:      _M_get_allocator() const
        -:  342:      { return _M_dataplus; }
        -:  343:
        -:  344:      // Ensure that _M_local_buf is the active member of the union.
        -:  345:      __attribute__((__always_inline__))
        -:  346:      _GLIBCXX14_CONSTEXPR
        -:  347:      pointer
        -:  348:      _M_use_local_data() _GLIBCXX_NOEXCEPT
        -:  349:      {
        -:  350:#if __cpp_lib_is_constant_evaluated
        -:  351:	if (std::is_constant_evaluated())
        -:  352:	  for (size_type __i = 0; __i <= _S_local_capacity; ++__i)
        -:  353:	    _M_local_buf[__i] = _CharT();
        -:  354:#endif
    #####:  355:	return _M_local_data();
        -:  356:      }
        -:  357:
        -:  358:    private:
        -:  359:
        -:  360:#ifdef _GLIBCXX_DISAMBIGUATE_REPLACE_INST
        -:  361:      // The explicit instantiations in misc-inst.cc require this due to
        -:  362:      // https://gcc.gnu.org/bugzilla/show_bug.cgi?id=64063
        -:  363:      template<typename _Tp, bool _Requires =
        -:  364:	       !__are_same<_Tp, _CharT*>::__value
        -:  365:	       && !__are_same<_Tp, const _CharT*>::__value
        -:  366:	       && !__are_same<_Tp, iterator>::__value
        -:  367:	       && !__are_same<_Tp, const_iterator>::__value>
        -:  368:	struct __enable_if_not_native_iterator
        -:  369:	{ typedef basic_string& __type; };
        -:  370:      template<typename _Tp>
        -:  371:	struct __enable_if_not_native_iterator<_Tp, false> { };
        -:  372:#endif
        -:  373:
        -:  374:      _GLIBCXX20_CONSTEXPR
        -:  375:      size_type
        -:  376:      _M_check(size_type __pos, const char* __s) const
        -:  377:      {
        -:  378:	if (__pos > this->size())
        -:  379:	  __throw_out_of_range_fmt(__N("%s: __pos (which is %zu) > "
        -:  380:				       "this->size() (which is %zu)"),
        -:  381:				   __s, __pos, this->size());
        -:  382:	return __pos;
        -:  383:      }
        -:  384:
        -:  385:      _GLIBCXX20_CONSTEXPR
        -:  386:      void
        -:  387:      _M_check_length(size_type __n1, size_type __n2, const char* __s) const
        -:  388:      {
        -:  389:	if (this->max_size() - (this->size() - __n1) < __n2)
        -:  390:	  __throw_length_error(__N(__s));
        -:  391:      }
        -:  392:
        -:  393:
        -:  394:      // NB: _M_limit doesn't check for a bad __pos value.
        -:  395:      _GLIBCXX20_CONSTEXPR
        -:  396:      size_type
        -:  397:      _M_limit(size_type __pos, size_type __off) const _GLIBCXX_NOEXCEPT
        -:  398:      {
        -:  399:	const bool __testoff =  __off < this->size() - __pos;
        -:  400:	return __testoff ? __off : this->size() - __pos;
        -:  401:      }
        -:  402:
        -:  403:      // True if _Rep and source do not overlap.
        -:  404:      bool
        -:  405:      _M_disjunct(const _CharT* __s) const _GLIBCXX_NOEXCEPT
        -:  406:      {
        -:  407:	return (less<const _CharT*>()(__s, _M_data())
        -:  408:		|| less<const _CharT*>()(_M_data() + this->size(), __s));
        -:  409:      }
        -:  410:
        -:  411:      // When __n = 1 way faster than the general multichar
        -:  412:      // traits_type::copy/move/assign.
        -:  413:      _GLIBCXX20_CONSTEXPR
        -:  414:      static void
        -:  415:      _S_copy(_CharT* __d, const _CharT* __s, size_type __n)
        -:  416:      {
        -:  417:	if (__n == 1)
        -:  418:	  traits_type::assign(*__d, *__s);
        -:  419:	else
        -:  420:	  traits_type::copy(__d, __s, __n);
        -:  421:      }
        -:  422:
        -:  423:      _GLIBCXX20_CONSTEXPR
        -:  424:      static void
        -:  425:      _S_move(_CharT* __d, const _CharT* __s, size_type __n)
        -:  426:      {
        -:  427:	if (__n == 1)
        -:  428:	  traits_type::assign(*__d, *__s);
        -:  429:	else
        -:  430:	  traits_type::move(__d, __s, __n);
        -:  431:      }
        -:  432:
        -:  433:      _GLIBCXX20_CONSTEXPR
        -:  434:      static void
        -:  435:      _S_assign(_CharT* __d, size_type __n, _CharT __c)
        -:  436:      {
        -:  437:	if (__n == 1)
        -:  438:	  traits_type::assign(*__d, __c);
        -:  439:	else
        -:  440:	  traits_type::assign(__d, __n, __c);
        -:  441:      }
        -:  442:
        -:  443:      // _S_copy_chars is a separate template to permit specialization
        -:  444:      // to optimize for the common case of pointers as iterators.
        -:  445:      template<class _Iterator>
        -:  446:	_GLIBCXX20_CONSTEXPR
        -:  447:        static void
        -:  448:        _S_copy_chars(_CharT* __p, _Iterator __k1, _Iterator __k2)
        -:  449:        {
        -:  450:	  for (; __k1 != __k2; ++__k1, (void)++__p)
        -:  451:	    traits_type::assign(*__p, *__k1); // These types are off.
        -:  452:	}
        -:  453:
        -:  454:      _GLIBCXX20_CONSTEXPR
        -:  455:      static void
        -:  456:      _S_copy_chars(_CharT* __p, iterator __k1, iterator __k2) _GLIBCXX_NOEXCEPT
        -:  457:      { _S_copy_chars(__p, __k1.base(), __k2.base()); }
        -:  458:
        -:  459:      _GLIBCXX20_CONSTEXPR
        -:  460:      static void
        -:  461:      _S_copy_chars(_CharT* __p, const_iterator __k1, const_iterator __k2)
        -:  462:      _GLIBCXX_NOEXCEPT
        -:  463:      { _S_copy_chars(__p, __k1.base(), __k2.base()); }
        -:  464:
        -:  465:      _GLIBCXX20_CONSTEXPR
        -:  466:      static void
        -:  467:      _S_copy_chars(_CharT* __p, _CharT* __k1, _CharT* __k2) _GLIBCXX_NOEXCEPT
        -:  468:      { _S_copy(__p, __k1, __k2 - __k1); }
        -:  469:
        -:  470:      _GLIBCXX20_CONSTEXPR
        -:  471:      static void
        -:  472:      _S_copy_chars(_CharT* __p, const _CharT* __k1, const _CharT* __k2)
        -:  473:      _GLIBCXX_NOEXCEPT
        -:  474:      { _S_copy(__p, __k1, __k2 - __k1); }
        -:  475:
        -:  476:      _GLIBCXX20_CONSTEXPR
        -:  477:      static int
        -:  478:      _S_compare(size_type __n1, size_type __n2) _GLIBCXX_NOEXCEPT
        -:  479:      {
        -:  480:	const difference_type __d = difference_type(__n1 - __n2);
        -:  481:
        -:  482:	if (__d > __gnu_cxx::__numeric_traits<int>::__max)
        -:  483:	  return __gnu_cxx::__numeric_traits<int>::__max;
        -:  484:	else if (__d < __gnu_cxx::__numeric_traits<int>::__min)
        -:  485:	  return __gnu_cxx::__numeric_traits<int>::__min;
        -:  486:	else
        -:  487:	  return int(__d);
        -:  488:      }
        -:  489:
        -:  490:      _GLIBCXX20_CONSTEXPR
        -:  491:      void
        -:  492:      _M_assign(const basic_string&);
        -:  493:
        -:  494:      _GLIBCXX20_CONSTEXPR
        -:  495:      void
        -:  496:      _M_mutate(size_type __pos, size_type __len1, const _CharT* __s,
        -:  497:		size_type __len2);
        -:  498:
        -:  499:      _GLIBCXX20_CONSTEXPR
        -:  500:      void
        -:  501:      _M_erase(size_type __pos, size_type __n);
        -:  502:
        -:  503:    public:
        -:  504:      // Construct/copy/destroy:
        -:  505:      // NB: We overload ctors in some cases instead of using default
        -:  506:      // arguments, per 17.4.4.4 para. 2 item 2.
        -:  507:
        -:  508:      /**
        -:  509:       *  @brief  Default constructor creates an empty string.
        -:  510:       */
        -:  511:      _GLIBCXX20_CONSTEXPR
        -:  512:      basic_string()
        -:  513:      _GLIBCXX_NOEXCEPT_IF(is_nothrow_default_constructible<_Alloc>::value)
        -:  514:      : _M_dataplus(_M_local_data())
        -:  515:      {
        -:  516:	_M_use_local_data();
        -:  517:	_M_set_length(0);
        -:  518:      }
        -:  519:
        -:  520:      /**
        -:  521:       *  @brief  Construct an empty string using allocator @a a.
        -:  522:       */
        -:  523:      _GLIBCXX20_CONSTEXPR
        -:  524:      explicit
        -:  525:      basic_string(const _Alloc& __a) _GLIBCXX_NOEXCEPT
        -:  526:      : _M_dataplus(_M_local_data(), __a)
        -:  527:      {
        -:  528:	_M_use_local_data();
        -:  529:	_M_set_length(0);
        -:  530:      }
        -:  531:
        -:  532:      /**
        -:  533:       *  @brief  Construct string with copy of value of @a __str.
        -:  534:       *  @param  __str  Source string.
        -:  535:       */
        -:  536:      _GLIBCXX20_CONSTEXPR
        -:  537:      basic_string(const basic_string& __str)
        -:  538:      : _M_dataplus(_M_local_data(),
        -:  539:		    _Alloc_traits::_S_select_on_copy(__str._M_get_allocator()))
        -:  540:      {
        -:  541:	_M_construct(__str._M_data(), __str._M_data() + __str.length(),
        -:  542:		     std::forward_iterator_tag());
        -:  543:      }
        -:  544:
        -:  545:      // _GLIBCXX_RESOLVE_LIB_DEFECTS
        -:  546:      // 2583. no way to supply an allocator for basic_string(str, pos)
        -:  547:      /**
        -:  548:       *  @brief  Construct string as copy of a substring.
        -:  549:       *  @param  __str  Source string.
        -:  550:       *  @param  __pos  Index of first character to copy from.
        -:  551:       *  @param  __a  Allocator to use.
        -:  552:       */
        -:  553:      _GLIBCXX20_CONSTEXPR
        -:  554:      basic_string(const basic_string& __str, size_type __pos,
        -:  555:		   const _Alloc& __a = _Alloc())
        -:  556:      : _M_dataplus(_M_local_data(), __a)
        -:  557:      {
        -:  558:	const _CharT* __start = __str._M_data()
        -:  559:	  + __str._M_check(__pos, "basic_string::basic_string");
        -:  560:	_M_construct(__start, __start + __str._M_limit(__pos, npos),
        -:  561:		     std::forward_iterator_tag());
        -:  562:      }
        -:  563:
        -:  564:      /**
        -:  565:       *  @brief  Construct string as copy of a substring.
        -:  566:       *  @param  __str  Source string.
        -:  567:       *  @param  __pos  Index of first character to copy from.
        -:  568:       *  @param  __n  Number of characters to copy.
        -:  569:       */
        -:  570:      _GLIBCXX20_CONSTEXPR
        -:  571:      basic_string(const basic_string& __str, size_type __pos,
        -:  572:		   size_type __n)
        -:  573:      : _M_dataplus(_M_local_data())
        -:  574:      {
        -:  575:	const _CharT* __start = __str._M_data()
        -:  576:	  + __str._M_check(__pos, "basic_string::basic_string");
        -:  577:	_M_construct(__start, __start + __str._M_limit(__pos, __n),
        -:  578:		     std::forward_iterator_tag());
        -:  579:      }
        -:  580:
        -:  581:      /**
        -:  582:       *  @brief  Construct string as copy of a substring.
        -:  583:       *  @param  __str  Source string.
        -:  584:       *  @param  __pos  Index of first character to copy from.
        -:  585:       *  @param  __n  Number of characters to copy.
        -:  586:       *  @param  __a  Allocator to use.
        -:  587:       */
        -:  588:      _GLIBCXX20_CONSTEXPR
        -:  589:      basic_string(const basic_string& __str, size_type __pos,
        -:  590:		   size_type __n, const _Alloc& __a)
        -:  591:      : _M_dataplus(_M_local_data(), __a)
        -:  592:      {
        -:  593:	const _CharT* __start
        -:  594:	  = __str._M_data() + __str._M_check(__pos, "string::string");
        -:  595:	_M_construct(__start, __start + __str._M_limit(__pos, __n),
        -:  596:		     std::forward_iterator_tag());
        -:  597:      }
        -:  598:
        -:  599:      /**
        -:  600:       *  @brief  Construct string initialized by a character %array.
        -:  601:       *  @param  __s  Source character %array.
        -:  602:       *  @param  __n  Number of characters to copy.
        -:  603:       *  @param  __a  Allocator to use (default is default allocator).
        -:  604:       *
        -:  605:       *  NB: @a __s must have at least @a __n characters, &apos;\\0&apos;
        -:  606:       *  has no special meaning.
        -:  607:       */
        -:  608:      _GLIBCXX20_CONSTEXPR
        -:  609:      basic_string(const _CharT* __s, size_type __n,
        -:  610:		   const _Alloc& __a = _Alloc())
        -:  611:      : _M_dataplus(_M_local_data(), __a)
        -:  612:      {
        -:  613:	// NB: Not required, but considered best practice.
        -:  614:	if (__s == 0 && __n > 0)
        -:  615:	  std::__throw_logic_error(__N("basic_string: "
        -:  616:				       "construction from null is not valid"));
        -:  617:	_M_construct(__s, __s + __n, std::forward_iterator_tag());
        -:  618:      }
        -:  619:
        -:  620:      /**
        -:  621:       *  @brief  Construct string as copy of a C string.
        -:  622:       *  @param  __s  Source C string.
        -:  623:       *  @param  __a  Allocator to use (default is default allocator).
        -:  624:       */
        -:  625:#if __cpp_deduction_guides && ! defined _GLIBCXX_DEFINING_STRING_INSTANTIATIONS
        -:  626:      // _GLIBCXX_RESOLVE_LIB_DEFECTS
        -:  627:      // 3076. basic_string CTAD ambiguity
        -:  628:      template<typename = _RequireAllocator<_Alloc>>
        -:  629:#endif
        -:  630:      _GLIBCXX20_CONSTEXPR
        -:  631:      basic_string(const _CharT* __s, const _Alloc& __a = _Alloc())
        -:  632:      : _M_dataplus(_M_local_data(), __a)
        -:  633:      {
        -:  634:	// NB: Not required, but considered best practice.
        -:  635:	if (__s == 0)
        -:  636:	  std::__throw_logic_error(__N("basic_string: "
        -:  637:				       "construction from null is not valid"));
        -:  638:	const _CharT* __end = __s + traits_type::length(__s);
        -:  639:	_M_construct(__s, __end, forward_iterator_tag());
        -:  640:      }
        -:  641:
        -:  642:      /**
        -:  643:       *  @brief  Construct string as multiple characters.
        -:  644:       *  @param  __n  Number of characters.
        -:  645:       *  @param  __c  Character to use.
        -:  646:       *  @param  __a  Allocator to use (default is default allocator).
        -:  647:       */
        -:  648:#if __cpp_deduction_guides && ! defined _GLIBCXX_DEFINING_STRING_INSTANTIATIONS
        -:  649:      // _GLIBCXX_RESOLVE_LIB_DEFECTS
        -:  650:      // 3076. basic_string CTAD ambiguity
        -:  651:      template<typename = _RequireAllocator<_Alloc>>
        -:  652:#endif
        -:  653:      _GLIBCXX20_CONSTEXPR
        -:  654:      basic_string(size_type __n, _CharT __c, const _Alloc& __a = _Alloc())
        -:  655:      : _M_dataplus(_M_local_data(), __a)
        -:  656:      { _M_construct(__n, __c); }
        -:  657:
        -:  658:#if __cplusplus >= 201103L
        -:  659:      /**
        -:  660:       *  @brief  Move construct string.
        -:  661:       *  @param  __str  Source string.
        -:  662:       *
        -:  663:       *  The newly-created string contains the exact contents of @a __str.
        -:  664:       *  @a __str is a valid, but unspecified string.
        -:  665:       */
        -:  666:      _GLIBCXX20_CONSTEXPR
        -:  667:      basic_string(basic_string&& __str) noexcept
        -:  668:      : _M_dataplus(_M_local_data(), std::move(__str._M_get_allocator()))
        -:  669:      {
        -:  670:	if (__str._M_is_local())
        -:  671:	  {
        -:  672:	    traits_type::copy(_M_local_buf, __str._M_local_buf,
        -:  673:			      __str.length() + 1);
        -:  674:	  }
        -:  675:	else
        -:  676:	  {
        -:  677:	    _M_data(__str._M_data());
        -:  678:	    _M_capacity(__str._M_allocated_capacity);
        -:  679:	  }
        -:  680:
        -:  681:	// Must use _M_length() here not _M_set_length() because
        -:  682:	// basic_stringbuf relies on writing into unallocated capacity so
        -:  683:	// we mess up the contents if we put a '\0' in the string.
        -:  684:	_M_length(__str.length());
        -:  685:	__str._M_data(__str._M_local_data());
        -:  686:	__str._M_set_length(0);
        -:  687:      }
        -:  688:
        -:  689:      /**
        -:  690:       *  @brief  Construct string from an initializer %list.
        -:  691:       *  @param  __l  std::initializer_list of characters.
        -:  692:       *  @param  __a  Allocator to use (default is default allocator).
        -:  693:       */
        -:  694:      _GLIBCXX20_CONSTEXPR
        -:  695:      basic_string(initializer_list<_CharT> __l, const _Alloc& __a = _Alloc())
        -:  696:      : _M_dataplus(_M_local_data(), __a)
        -:  697:      { _M_construct(__l.begin(), __l.end(), std::forward_iterator_tag()); }
        -:  698:
        -:  699:      _GLIBCXX20_CONSTEXPR
        -:  700:      basic_string(const basic_string& __str, const _Alloc& __a)
        -:  701:      : _M_dataplus(_M_local_data(), __a)
        -:  702:      { _M_construct(__str.begin(), __str.end(), std::forward_iterator_tag()); }
        -:  703:
        -:  704:      _GLIBCXX20_CONSTEXPR
        -:  705:      basic_string(basic_string&& __str, const _Alloc& __a)
        -:  706:      noexcept(_Alloc_traits::_S_always_equal())
        -:  707:      : _M_dataplus(_M_local_data(), __a)
        -:  708:      {
        -:  709:	if (__str._M_is_local())
        -:  710:	  {
        -:  711:	    traits_type::copy(_M_local_buf, __str._M_local_buf,
        -:  712:			      __str.length() + 1);
        -:  713:	    _M_length(__str.length());
        -:  714:	    __str._M_set_length(0);
        -:  715:	  }
        -:  716:	else if (_Alloc_traits::_S_always_equal()
        -:  717:	    || __str.get_allocator() == __a)
        -:  718:	  {
        -:  719:	    _M_data(__str._M_data());
        -:  720:	    _M_length(__str.length());
        -:  721:	    _M_capacity(__str._M_allocated_capacity);
        -:  722:	    __str._M_data(__str._M_local_buf);
        -:  723:	    __str._M_set_length(0);
        -:  724:	  }
        -:  725:	else
        -:  726:	  _M_construct(__str.begin(), __str.end(), std::forward_iterator_tag());
        -:  727:      }
        -:  728:#endif // C++11
        -:  729:
        -:  730:#if __cplusplus >= 202100L
        -:  731:      basic_string(nullptr_t) = delete;
        -:  732:      basic_string& operator=(nullptr_t) = delete;
        -:  733:#endif // C++23
        -:  734:
        -:  735:      /**
        -:  736:       *  @brief  Construct string as copy of a range.
        -:  737:       *  @param  __beg  Start of range.
        -:  738:       *  @param  __end  End of range.
        -:  739:       *  @param  __a  Allocator to use (default is default allocator).
        -:  740:       */
        -:  741:#if __cplusplus >= 201103L
        -:  742:      template<typename _InputIterator,
        -:  743:	       typename = std::_RequireInputIter<_InputIterator>>
        -:  744:#else
        -:  745:      template<typename _InputIterator>
        -:  746:#endif
        -:  747:	_GLIBCXX20_CONSTEXPR
        -:  748:        basic_string(_InputIterator __beg, _InputIterator __end,
        -:  749:		     const _Alloc& __a = _Alloc())
        -:  750:	: _M_dataplus(_M_local_data(), __a), _M_string_length(0)
        -:  751:	{
        -:  752:#if __cplusplus >= 201103L
        -:  753:	  _M_construct(__beg, __end, std::__iterator_category(__beg));
        -:  754:#else
        -:  755:	  typedef typename std::__is_integer<_InputIterator>::__type _Integral;
        -:  756:	  _M_construct_aux(__beg, __end, _Integral());
        -:  757:#endif
        -:  758:	}
        -:  759:
        -:  760:#if __cplusplus >= 201703L
        -:  761:      /**
        -:  762:       *  @brief  Construct string from a substring of a string_view.
        -:  763:       *  @param  __t   Source object convertible to string view.
        -:  764:       *  @param  __pos The index of the first character to copy from __t.
        -:  765:       *  @param  __n   The number of characters to copy from __t.
        -:  766:       *  @param  __a   Allocator to use.
        -:  767:       */
        -:  768:      template<typename _Tp,
        -:  769:	       typename = enable_if_t<is_convertible_v<const _Tp&, __sv_type>>>
        -:  770:	_GLIBCXX20_CONSTEXPR
        -:  771:	basic_string(const _Tp& __t, size_type __pos, size_type __n,
        -:  772:		     const _Alloc& __a = _Alloc())
        -:  773:	: basic_string(_S_to_string_view(__t).substr(__pos, __n), __a) { }
        -:  774:
        -:  775:      /**
        -:  776:       *  @brief  Construct string from a string_view.
        -:  777:       *  @param  __t  Source object convertible to string view.
        -:  778:       *  @param  __a  Allocator to use (default is default allocator).
        -:  779:       */
        -:  780:      template<typename _Tp, typename = _If_sv<_Tp, void>>
        -:  781:	_GLIBCXX20_CONSTEXPR
        -:  782:	explicit
        -:  783:	basic_string(const _Tp& __t, const _Alloc& __a = _Alloc())
        -:  784:	: basic_string(__sv_wrapper(_S_to_string_view(__t)), __a) { }
        -:  785:#endif // C++17
        -:  786:
        -:  787:      /**
        -:  788:       *  @brief  Destroy the string instance.
        -:  789:       */
        -:  790:      _GLIBCXX20_CONSTEXPR
        -:  791:      ~basic_string()
        -:  792:      { _M_dispose(); }
        -:  793:
        -:  794:      /**
        -:  795:       *  @brief  Assign the value of @a str to this string.
        -:  796:       *  @param  __str  Source string.
        -:  797:       */
        -:  798:      _GLIBCXX20_CONSTEXPR
        -:  799:      basic_string&
        -:  800:      operator=(const basic_string& __str)
        -:  801:      {
        -:  802:	return this->assign(__str);
        -:  803:      }
        -:  804:
        -:  805:      /**
        -:  806:       *  @brief  Copy contents of @a s into this string.
        -:  807:       *  @param  __s  Source null-terminated string.
        -:  808:       */
        -:  809:      _GLIBCXX20_CONSTEXPR
        -:  810:      basic_string&
        -:  811:      operator=(const _CharT* __s)
        -:  812:      { return this->assign(__s); }
        -:  813:
        -:  814:      /**
        -:  815:       *  @brief  Set value to string of length 1.
        -:  816:       *  @param  __c  Source character.
        -:  817:       *
        -:  818:       *  Assigning to a character makes this string length 1 and
        -:  819:       *  (*this)[0] == @a c.
        -:  820:       */
        -:  821:      _GLIBCXX20_CONSTEXPR
        -:  822:      basic_string&
        -:  823:      operator=(_CharT __c)
        -:  824:      {
        -:  825:	this->assign(1, __c);
        -:  826:	return *this;
        -:  827:      }
        -:  828:
        -:  829:#if __cplusplus >= 201103L
        -:  830:      /**
        -:  831:       *  @brief  Move assign the value of @a str to this string.
        -:  832:       *  @param  __str  Source string.
        -:  833:       *
        -:  834:       *  The contents of @a str are moved into this string (without copying).
        -:  835:       *  @a str is a valid, but unspecified string.
        -:  836:       */
        -:  837:      // _GLIBCXX_RESOLVE_LIB_DEFECTS
        -:  838:      // 2063. Contradictory requirements for string move assignment
        -:  839:      _GLIBCXX20_CONSTEXPR
        -:  840:      basic_string&
        -:  841:      operator=(basic_string&& __str)
        -:  842:      noexcept(_Alloc_traits::_S_nothrow_move())
        -:  843:      {
        -:  844:	const bool __equal_allocs = _Alloc_traits::_S_always_equal()
        -:  845:	  || _M_get_allocator() == __str._M_get_allocator();
        -:  846:	if (!_M_is_local() && _Alloc_traits::_S_propagate_on_move_assign()
        -:  847:	    && !__equal_allocs)
        -:  848:	  {
        -:  849:	    // Destroy existing storage before replacing allocator.
        -:  850:	    _M_destroy(_M_allocated_capacity);
        -:  851:	    _M_data(_M_local_data());
        -:  852:	    _M_set_length(0);
        -:  853:	  }
        -:  854:	// Replace allocator if POCMA is true.
        -:  855:	std::__alloc_on_move(_M_get_allocator(), __str._M_get_allocator());
        -:  856:
        -:  857:	if (__str._M_is_local())
        -:  858:	  {
        -:  859:	    // We've always got room for a short string, just copy it
        -:  860:	    // (unless this is a self-move, because that would violate the
        -:  861:	    // char_traits::copy precondition that the ranges don't overlap).
        -:  862:	    if (__builtin_expect(std::__addressof(__str) != this, true))
        -:  863:	      {
        -:  864:		if (__str.size())
        -:  865:		  this->_S_copy(_M_data(), __str._M_data(), __str.size());
        -:  866:		_M_set_length(__str.size());
        -:  867:	      }
        -:  868:	  }
        -:  869:	else if (_Alloc_traits::_S_propagate_on_move_assign() || __equal_allocs)
        -:  870:	  {
        -:  871:	    // Just move the allocated pointer, our allocator can free it.
        -:  872:	    pointer __data = nullptr;
        -:  873:	    size_type __capacity;
        -:  874:	    if (!_M_is_local())
        -:  875:	      {
        -:  876:		if (__equal_allocs)
        -:  877:		  {
        -:  878:		    // __str can reuse our existing storage.
        -:  879:		    __data = _M_data();
        -:  880:		    __capacity = _M_allocated_capacity;
        -:  881:		  }
        -:  882:		else // __str can't use it, so free it.
        -:  883:		  _M_destroy(_M_allocated_capacity);
        -:  884:	      }
        -:  885:
        -:  886:	    _M_data(__str._M_data());
        -:  887:	    _M_length(__str.length());
        -:  888:	    _M_capacity(__str._M_allocated_capacity);
        -:  889:	    if (__data)
        -:  890:	      {
        -:  891:		__str._M_data(__data);
        -:  892:		__str._M_capacity(__capacity);
        -:  893:	      }
        -:  894:	    else
        -:  895:	      __str._M_data(__str._M_local_buf);
        -:  896:	  }
        -:  897:	else // Need to do a deep copy
        -:  898:	  assign(__str);
        -:  899:	__str.clear();
        -:  900:	return *this;
        -:  901:      }
        -:  902:
        -:  903:      /**
        -:  904:       *  @brief  Set value to string constructed from initializer %list.
        -:  905:       *  @param  __l  std::initializer_list.
        -:  906:       */
        -:  907:      _GLIBCXX20_CONSTEXPR
        -:  908:      basic_string&
        -:  909:      operator=(initializer_list<_CharT> __l)
        -:  910:      {
        -:  911:	this->assign(__l.begin(), __l.size());
        -:  912:	return *this;
        -:  913:      }
        -:  914:#endif // C++11
        -:  915:
        -:  916:#if __cplusplus >= 201703L
        -:  917:      /**
        -:  918:       *  @brief  Set value to string constructed from a string_view.
        -:  919:       *  @param  __svt  An object convertible to string_view.
        -:  920:       */
        -:  921:     template<typename _Tp>
        -:  922:       _GLIBCXX20_CONSTEXPR
        -:  923:       _If_sv<_Tp, basic_string&>
        -:  924:       operator=(const _Tp& __svt)
        -:  925:       { return this->assign(__svt); }
        -:  926:
        -:  927:      /**
        -:  928:       *  @brief  Convert to a string_view.
        -:  929:       *  @return A string_view.
        -:  930:       */
        -:  931:      _GLIBCXX20_CONSTEXPR
        -:  932:      operator __sv_type() const noexcept
        -:  933:      { return __sv_type(data(), size()); }
        -:  934:#endif // C++17
        -:  935:
        -:  936:      // Iterators:
        -:  937:      /**
        -:  938:       *  Returns a read/write iterator that points to the first character in
        -:  939:       *  the %string.
        -:  940:       */
        -:  941:      _GLIBCXX_NODISCARD _GLIBCXX20_CONSTEXPR
        -:  942:      iterator
        -:  943:      begin() _GLIBCXX_NOEXCEPT
        -:  944:      { return iterator(_M_data()); }
        -:  945:
        -:  946:      /**
        -:  947:       *  Returns a read-only (constant) iterator that points to the first
        -:  948:       *  character in the %string.
        -:  949:       */
        -:  950:      _GLIBCXX_NODISCARD _GLIBCXX20_CONSTEXPR
        -:  951:      const_iterator
        -:  952:      begin() const _GLIBCXX_NOEXCEPT
        -:  953:      { return const_iterator(_M_data()); }
        -:  954:
        -:  955:      /**
        -:  956:       *  Returns a read/write iterator that points one past the last
        -:  957:       *  character in the %string.
        -:  958:       */
        -:  959:      _GLIBCXX_NODISCARD _GLIBCXX20_CONSTEXPR
        -:  960:      iterator
        -:  961:      end() _GLIBCXX_NOEXCEPT
        -:  962:      { return iterator(_M_data() + this->size()); }
        -:  963:
        -:  964:      /**
        -:  965:       *  Returns a read-only (constant) iterator that points one past the
        -:  966:       *  last character in the %string.
        -:  967:       */
        -:  968:      _GLIBCXX_NODISCARD _GLIBCXX20_CONSTEXPR
        -:  969:      const_iterator
        -:  970:      end() const _GLIBCXX_NOEXCEPT
        -:  971:      { return const_iterator(_M_data() + this->size()); }
        -:  972:
        -:  973:      /**
        -:  974:       *  Returns a read/write reverse iterator that points to the last
        -:  975:       *  character in the %string.  Iteration is done in reverse element
        -:  976:       *  order.
        -:  977:       */
        -:  978:      _GLIBCXX_NODISCARD _GLIBCXX20_CONSTEXPR
        -:  979:      reverse_iterator
        -:  980:      rbegin() _GLIBCXX_NOEXCEPT
        -:  981:      { return reverse_iterator(this->end()); }
        -:  982:
        -:  983:      /**
        -:  984:       *  Returns a read-only (constant) reverse iterator that points
        -:  985:       *  to the last character in the %string.  Iteration is done in
        -:  986:       *  reverse element order.
        -:  987:       */
        -:  988:      _GLIBCXX_NODISCARD _GLIBCXX20_CONSTEXPR
        -:  989:      const_reverse_iterator
        -:  990:      rbegin() const _GLIBCXX_NOEXCEPT
        -:  991:      { return const_reverse_iterator(this->end()); }
        -:  992:
        -:  993:      /**
        -:  994:       *  Returns a read/write reverse iterator that points to one before the
        -:  995:       *  first character in the %string.  Iteration is done in reverse
        -:  996:       *  element order.
        -:  997:       */
        -:  998:      _GLIBCXX_NODISCARD _GLIBCXX20_CONSTEXPR
        -:  999:      reverse_iterator
        -: 1000:      rend() _GLIBCXX_NOEXCEPT
        -: 1001:      { return reverse_iterator(this->begin()); }
        -: 1002:
        -: 1003:      /**
        -: 1004:       *  Returns a read-only (constant) reverse iterator that points
        -: 1005:       *  to one before the first character in the %string.  Iteration
        -: 1006:       *  is done in reverse element order.
        -: 1007:       */
        -: 1008:      _GLIBCXX_NODISCARD _GLIBCXX20_CONSTEXPR
        -: 1009:      const_reverse_iterator
        -: 1010:      rend() const _GLIBCXX_NOEXCEPT
        -: 1011:      { return const_reverse_iterator(this->begin()); }
        -: 1012:
        -: 1013:#if __cplusplus >= 201103L
        -: 1014:      /**
        -: 1015:       *  Returns a read-only (constant) iterator that points to the first
        -: 1016:       *  character in the %string.
        -: 1017:       */
        -: 1018:      _GLIBCXX_NODISCARD _GLIBCXX20_CONSTEXPR
        -: 1019:      const_iterator
        -: 1020:      cbegin() const noexcept
        -: 1021:      { return const_iterator(this->_M_data()); }
        -: 1022:
        -: 1023:      /**
        -: 1024:       *  Returns a read-only (constant) iterator that points one past the
        -: 1025:       *  last character in the %string.
        -: 1026:       */
        -: 1027:      _GLIBCXX_NODISCARD _GLIBCXX20_CONSTEXPR
        -: 1028:      const_iterator
        -: 1029:      cend() const noexcept
        -: 1030:      { return const_iterator(this->_M_data() + this->size()); }
        -: 1031:
        -: 1032:      /**
        -: 1033:       *  Returns a read-only (constant) reverse iterator that points
        -: 1034:       *  to the last character in the %string.  Iteration is done in
        -: 1035:       *  reverse element order.
        -: 1036:       */
        -: 1037:      _GLIBCXX_NODISCARD _GLIBCXX20_CONSTEXPR
        -: 1038:      const_reverse_iterator
        -: 1039:      crbegin() const noexcept
        -: 1040:      { return const_reverse_iterator(this->end()); }
        -: 1041:
        -: 1042:      /**
        -: 1043:       *  Returns a read-only (constant) reverse iterator that points
        -: 1044:       *  to one before the first character in the %string.  Iteration
        -: 1045:       *  is done in reverse element order.
        -: 1046:       */
        -: 1047:      _GLIBCXX_NODISCARD _GLIBCXX20_CONSTEXPR
        -: 1048:      const_reverse_iterator
        -: 1049:      crend() const noexcept
        -: 1050:      { return const_reverse_iterator(this->begin()); }
        -: 1051:#endif
        -: 1052:
        -: 1053:    public:
        -: 1054:      // Capacity:
        -: 1055:      ///  Returns the number of characters in the string, not including any
        -: 1056:      ///  null-termination.
        -: 1057:      _GLIBCXX_NODISCARD _GLIBCXX20_CONSTEXPR
        -: 1058:      size_type
        -: 1059:      size() const _GLIBCXX_NOEXCEPT
        -: 1060:      { return _M_string_length; }
        -: 1061:
        -: 1062:      ///  Returns the number of characters in the string, not including any
        -: 1063:      ///  null-termination.
        -: 1064:      _GLIBCXX_NODISCARD _GLIBCXX20_CONSTEXPR
        -: 1065:      size_type
        -: 1066:      length() const _GLIBCXX_NOEXCEPT
        -: 1067:      { return _M_string_length; }
        -: 1068:
        -: 1069:      ///  Returns the size() of the largest possible %string.
        -: 1070:      _GLIBCXX_NODISCARD _GLIBCXX20_CONSTEXPR
        -: 1071:      size_type
        -: 1072:      max_size() const _GLIBCXX_NOEXCEPT
        -: 1073:      { return (_Alloc_traits::max_size(_M_get_allocator()) - 1) / 2; }
        -: 1074:
        -: 1075:      /**
        -: 1076:       *  @brief  Resizes the %string to the specified number of characters.
        -: 1077:       *  @param  __n  Number of characters the %string should contain.
        -: 1078:       *  @param  __c  Character to fill any new elements.
        -: 1079:       *
        -: 1080:       *  This function will %resize the %string to the specified
        -: 1081:       *  number of characters.  If the number is smaller than the
        -: 1082:       *  %string's current size the %string is truncated, otherwise
        -: 1083:       *  the %string is extended and new elements are %set to @a __c.
        -: 1084:       */
        -: 1085:      _GLIBCXX20_CONSTEXPR
        -: 1086:      void
        -: 1087:      resize(size_type __n, _CharT __c);
        -: 1088:
        -: 1089:      /**
        -: 1090:       *  @brief  Resizes the %string to the specified number of characters.
        -: 1091:       *  @param  __n  Number of characters the %string should contain.
        -: 1092:       *
        -: 1093:       *  This function will resize the %string to the specified length.  If
        -: 1094:       *  the new size is smaller than the %string's current size the %string
        -: 1095:       *  is truncated, otherwise the %string is extended and new characters
        -: 1096:       *  are default-constructed.  For basic types such as char, this means
        -: 1097:       *  setting them to 0.
        -: 1098:       */
        -: 1099:      _GLIBCXX20_CONSTEXPR
        -: 1100:      void
        -: 1101:      resize(size_type __n)
        -: 1102:      { this->resize(__n, _CharT()); }
        -: 1103:
        -: 1104:#if __cplusplus >= 201103L
        -: 1105:#pragma GCC diagnostic push
        -: 1106:#pragma GCC diagnostic ignored "-Wdeprecated-declarations"
        -: 1107:      ///  A non-binding request to reduce capacity() to size().
        -: 1108:      _GLIBCXX20_CONSTEXPR
        -: 1109:      void
        -: 1110:      shrink_to_fit() noexcept
        -: 1111:      { reserve(); }
        -: 1112:#pragma GCC diagnostic pop
        -: 1113:#endif
        -: 1114:
        -: 1115:#if __cplusplus > 202002L
        -: 1116:#define __cpp_lib_string_resize_and_overwrite 202110L
        -: 1117:      /** Resize the string and call a function to fill it.
        -: 1118:       *
        -: 1119:       * @param __n   The maximum size requested.
        -: 1120:       * @param __op  A callable object that writes characters to the string.
        -: 1121:       *
        -: 1122:       * This is a low-level function that is easy to misuse, be careful.
        -: 1123:       *
        -: 1124:       * Calling `str.resize_and_overwrite(n, op)` will reserve at least `n`
        -: 1125:       * characters in `str`, evaluate `n2 = std::move(op)(str.data(), n)`,
        -: 1126:       * and finally set the string length to `n2` (adding a null terminator
        -: 1127:       * at the end). The function object `op` is allowed to write to the
        -: 1128:       * extra capacity added by the initial reserve operation, which is not
        -: 1129:       * allowed if you just call `str.reserve(n)` yourself.
        -: 1130:       *
        -: 1131:       * This can be used to efficiently fill a `string` buffer without the
        -: 1132:       * overhead of zero-initializing characters that will be overwritten
        -: 1133:       * anyway.
        -: 1134:       *
        -: 1135:       * The callable `op` must not access the string directly (only through
        -: 1136:       * the pointer passed as its first argument), must not write more than
        -: 1137:       * `n` characters to the string, must return a value no greater than `n`,
        -: 1138:       * and must ensure that all characters up to the returned length are
        -: 1139:       * valid after it returns (i.e. there must be no uninitialized values
        -: 1140:       * left in the string after the call, because accessing them would
        -: 1141:       * have undefined behaviour). If `op` exits by throwing an exception
        -: 1142:       * the behaviour is undefined.
        -: 1143:       *
        -: 1144:       * @since C++23
        -: 1145:       */
        -: 1146:      template<typename _Operation>
        -: 1147:	constexpr void
        -: 1148:	resize_and_overwrite(size_type __n, _Operation __op);
        -: 1149:#endif
        -: 1150:
        -: 1151:      /**
        -: 1152:       *  Returns the total number of characters that the %string can hold
        -: 1153:       *  before needing to allocate more memory.
        -: 1154:       */
        -: 1155:      _GLIBCXX_NODISCARD _GLIBCXX20_CONSTEXPR
        -: 1156:      size_type
        -: 1157:      capacity() const _GLIBCXX_NOEXCEPT
        -: 1158:      {
        -: 1159:	return _M_is_local() ? size_type(_S_local_capacity)
        -: 1160:	                     : _M_allocated_capacity;
        -: 1161:      }
        -: 1162:
        -: 1163:      /**
        -: 1164:       *  @brief  Attempt to preallocate enough memory for specified number of
        -: 1165:       *          characters.
        -: 1166:       *  @param  __res_arg  Number of characters required.
        -: 1167:       *  @throw  std::length_error  If @a __res_arg exceeds @c max_size().
        -: 1168:       *
        -: 1169:       *  This function attempts to reserve enough memory for the
        -: 1170:       *  %string to hold the specified number of characters.  If the
        -: 1171:       *  number requested is more than max_size(), length_error is
        -: 1172:       *  thrown.
        -: 1173:       *
        -: 1174:       *  The advantage of this function is that if optimal code is a
        -: 1175:       *  necessity and the user can determine the string length that will be
        -: 1176:       *  required, the user can reserve the memory in %advance, and thus
        -: 1177:       *  prevent a possible reallocation of memory and copying of %string
        -: 1178:       *  data.
        -: 1179:       */
        -: 1180:      _GLIBCXX20_CONSTEXPR
        -: 1181:      void
        -: 1182:      reserve(size_type __res_arg);
        -: 1183:
        -: 1184:      /**
        -: 1185:       *  Equivalent to shrink_to_fit().
        -: 1186:       */
        -: 1187:#if __cplusplus > 201703L
        -: 1188:      [[deprecated("use shrink_to_fit() instead")]]
        -: 1189:#endif
        -: 1190:      _GLIBCXX20_CONSTEXPR
        -: 1191:      void
        -: 1192:      reserve();
        -: 1193:
        -: 1194:      /**
        -: 1195:       *  Erases the string, making it empty.
        -: 1196:       */
        -: 1197:      _GLIBCXX20_CONSTEXPR
        -: 1198:      void
        -: 1199:      clear() _GLIBCXX_NOEXCEPT
        -: 1200:      { _M_set_length(0); }
        -: 1201:
        -: 1202:      /**
        -: 1203:       *  Returns true if the %string is empty.  Equivalent to 
        -: 1204:       *  <code>*this == ""</code>.
        -: 1205:       */
        -: 1206:      _GLIBCXX_NODISCARD _GLIBCXX20_CONSTEXPR
        -: 1207:      bool
        -: 1208:      empty() const _GLIBCXX_NOEXCEPT
        -: 1209:      { return this->size() == 0; }
        -: 1210:
        -: 1211:      // Element access:
        -: 1212:      /**
        -: 1213:       *  @brief  Subscript access to the data contained in the %string.
        -: 1214:       *  @param  __pos  The index of the character to access.
        -: 1215:       *  @return  Read-only (constant) reference to the character.
        -: 1216:       *
        -: 1217:       *  This operator allows for easy, array-style, data access.
        -: 1218:       *  Note that data access with this operator is unchecked and
        -: 1219:       *  out_of_range lookups are not defined. (For checked lookups
        -: 1220:       *  see at().)
        -: 1221:       */
        -: 1222:      _GLIBCXX_NODISCARD _GLIBCXX20_CONSTEXPR
        -: 1223:      const_reference
        -: 1224:      operator[] (size_type __pos) const _GLIBCXX_NOEXCEPT
        -: 1225:      {
        -: 1226:	__glibcxx_assert(__pos <= size());
        -: 1227:	return _M_data()[__pos];
        -: 1228:      }
        -: 1229:
        -: 1230:      /**
        -: 1231:       *  @brief  Subscript access to the data contained in the %string.
        -: 1232:       *  @param  __pos  The index of the character to access.
        -: 1233:       *  @return  Read/write reference to the character.
        -: 1234:       *
        -: 1235:       *  This operator allows for easy, array-style, data access.
        -: 1236:       *  Note that data access with this operator is unchecked and
        -: 1237:       *  out_of_range lookups are not defined. (For checked lookups
        -: 1238:       *  see at().)
        -: 1239:       */
        -: 1240:      _GLIBCXX_NODISCARD _GLIBCXX20_CONSTEXPR
        -: 1241:      reference
        -: 1242:      operator[](size_type __pos)
        -: 1243:      {
        -: 1244:        // Allow pos == size() both in C++98 mode, as v3 extension,
        -: 1245:	// and in C++11 mode.
        -: 1246:	__glibcxx_assert(__pos <= size());
        -: 1247:        // In pedantic mode be strict in C++98 mode.
        -: 1248:	_GLIBCXX_DEBUG_PEDASSERT(__cplusplus >= 201103L || __pos < size());
        -: 1249:	return _M_data()[__pos];
        -: 1250:      }
        -: 1251:
        -: 1252:      /**
        -: 1253:       *  @brief  Provides access to the data contained in the %string.
        -: 1254:       *  @param __n The index of the character to access.
        -: 1255:       *  @return  Read-only (const) reference to the character.
        -: 1256:       *  @throw  std::out_of_range  If @a n is an invalid index.
        -: 1257:       *
        -: 1258:       *  This function provides for safer data access.  The parameter is
        -: 1259:       *  first checked that it is in the range of the string.  The function
        -: 1260:       *  throws out_of_range if the check fails.
        -: 1261:       */
        -: 1262:      _GLIBCXX_NODISCARD _GLIBCXX20_CONSTEXPR
        -: 1263:      const_reference
        -: 1264:      at(size_type __n) const
        -: 1265:      {
        -: 1266:	if (__n >= this->size())
        -: 1267:	  __throw_out_of_range_fmt(__N("basic_string::at: __n "
        -: 1268:				       "(which is %zu) >= this->size() "
        -: 1269:				       "(which is %zu)"),
        -: 1270:				   __n, this->size());
        -: 1271:	return _M_data()[__n];
        -: 1272:      }
        -: 1273:
        -: 1274:      /**
        -: 1275:       *  @brief  Provides access to the data contained in the %string.
        -: 1276:       *  @param __n The index of the character to access.
        -: 1277:       *  @return  Read/write reference to the character.
        -: 1278:       *  @throw  std::out_of_range  If @a n is an invalid index.
        -: 1279:       *
        -: 1280:       *  This function provides for safer data access.  The parameter is
        -: 1281:       *  first checked that it is in the range of the string.  The function
        -: 1282:       *  throws out_of_range if the check fails.
        -: 1283:       */
        -: 1284:      _GLIBCXX_NODISCARD _GLIBCXX20_CONSTEXPR
        -: 1285:      reference
        -: 1286:      at(size_type __n)
        -: 1287:      {
        -: 1288:	if (__n >= size())
        -: 1289:	  __throw_out_of_range_fmt(__N("basic_string::at: __n "
        -: 1290:				       "(which is %zu) >= this->size() "
        -: 1291:				       "(which is %zu)"),
        -: 1292:				   __n, this->size());
        -: 1293:	return _M_data()[__n];
        -: 1294:      }
        -: 1295:
        -: 1296:#if __cplusplus >= 201103L
        -: 1297:      /**
        -: 1298:       *  Returns a read/write reference to the data at the first
        -: 1299:       *  element of the %string.
        -: 1300:       */
        -: 1301:      _GLIBCXX_NODISCARD _GLIBCXX20_CONSTEXPR
        -: 1302:      reference
        -: 1303:      front() noexcept
        -: 1304:      {
        -: 1305:	__glibcxx_assert(!empty());
        -: 1306:	return operator[](0);
        -: 1307:      }
        -: 1308:
        -: 1309:      /**
        -: 1310:       *  Returns a read-only (constant) reference to the data at the first
        -: 1311:       *  element of the %string.
        -: 1312:       */
        -: 1313:      _GLIBCXX_NODISCARD _GLIBCXX20_CONSTEXPR
        -: 1314:      const_reference
        -: 1315:      front() const noexcept
        -: 1316:      {
        -: 1317:	__glibcxx_assert(!empty());
        -: 1318:	return operator[](0);
        -: 1319:      }
        -: 1320:
        -: 1321:      /**
        -: 1322:       *  Returns a read/write reference to the data at the last
        -: 1323:       *  element of the %string.
        -: 1324:       */
        -: 1325:      _GLIBCXX_NODISCARD _GLIBCXX20_CONSTEXPR
        -: 1326:      reference
        -: 1327:      back() noexcept
        -: 1328:      {
        -: 1329:	__glibcxx_assert(!empty());
        -: 1330:	return operator[](this->size() - 1);
        -: 1331:      }
        -: 1332:
        -: 1333:      /**
        -: 1334:       *  Returns a read-only (constant) reference to the data at the
        -: 1335:       *  last element of the %string.
        -: 1336:       */
        -: 1337:      _GLIBCXX_NODISCARD _GLIBCXX20_CONSTEXPR
        -: 1338:      const_reference
        -: 1339:      back() const noexcept
        -: 1340:      {
        -: 1341:	__glibcxx_assert(!empty());
        -: 1342:	return operator[](this->size() - 1);
        -: 1343:      }
        -: 1344:#endif
        -: 1345:
        -: 1346:      // Modifiers:
        -: 1347:      /**
        -: 1348:       *  @brief  Append a string to this string.
        -: 1349:       *  @param __str  The string to append.
        -: 1350:       *  @return  Reference to this string.
        -: 1351:       */
        -: 1352:      _GLIBCXX20_CONSTEXPR
        -: 1353:      basic_string&
        -: 1354:      operator+=(const basic_string& __str)
        -: 1355:      { return this->append(__str); }
        -: 1356:
        -: 1357:      /**
        -: 1358:       *  @brief  Append a C string.
        -: 1359:       *  @param __s  The C string to append.
        -: 1360:       *  @return  Reference to this string.
        -: 1361:       */
        -: 1362:      _GLIBCXX20_CONSTEXPR
        -: 1363:      basic_string&
        -: 1364:      operator+=(const _CharT* __s)
        -: 1365:      { return this->append(__s); }
        -: 1366:
        -: 1367:      /**
        -: 1368:       *  @brief  Append a character.
        -: 1369:       *  @param __c  The character to append.
        -: 1370:       *  @return  Reference to this string.
        -: 1371:       */
        -: 1372:      _GLIBCXX20_CONSTEXPR
        -: 1373:      basic_string&
        -: 1374:      operator+=(_CharT __c)
        -: 1375:      {
        -: 1376:	this->push_back(__c);
        -: 1377:	return *this;
        -: 1378:      }
        -: 1379:
        -: 1380:#if __cplusplus >= 201103L
        -: 1381:      /**
        -: 1382:       *  @brief  Append an initializer_list of characters.
        -: 1383:       *  @param __l  The initializer_list of characters to be appended.
        -: 1384:       *  @return  Reference to this string.
        -: 1385:       */
        -: 1386:      _GLIBCXX20_CONSTEXPR
        -: 1387:      basic_string&
        -: 1388:      operator+=(initializer_list<_CharT> __l)
        -: 1389:      { return this->append(__l.begin(), __l.size()); }
        -: 1390:#endif // C++11
        -: 1391:
        -: 1392:#if __cplusplus >= 201703L
        -: 1393:      /**
        -: 1394:       *  @brief  Append a string_view.
        -: 1395:       *  @param __svt  An object convertible to string_view to be appended.
        -: 1396:       *  @return  Reference to this string.
        -: 1397:       */
        -: 1398:      template<typename _Tp>
        -: 1399:	_GLIBCXX20_CONSTEXPR
        -: 1400:	_If_sv<_Tp, basic_string&>
        -: 1401:	operator+=(const _Tp& __svt)
        -: 1402:	{ return this->append(__svt); }
        -: 1403:#endif // C++17
        -: 1404:
        -: 1405:      /**
        -: 1406:       *  @brief  Append a string to this string.
        -: 1407:       *  @param __str  The string to append.
        -: 1408:       *  @return  Reference to this string.
        -: 1409:       */
        -: 1410:      _GLIBCXX20_CONSTEXPR
        -: 1411:      basic_string&
        -: 1412:      append(const basic_string& __str)
        -: 1413:      { return this->append(__str._M_data(), __str.size()); }
        -: 1414:
        -: 1415:      /**
        -: 1416:       *  @brief  Append a substring.
        -: 1417:       *  @param __str  The string to append.
        -: 1418:       *  @param __pos  Index of the first character of str to append.
        -: 1419:       *  @param __n  The number of characters to append.
        -: 1420:       *  @return  Reference to this string.
        -: 1421:       *  @throw  std::out_of_range if @a __pos is not a valid index.
        -: 1422:       *
        -: 1423:       *  This function appends @a __n characters from @a __str
        -: 1424:       *  starting at @a __pos to this string.  If @a __n is is larger
        -: 1425:       *  than the number of available characters in @a __str, the
        -: 1426:       *  remainder of @a __str is appended.
        -: 1427:       */
        -: 1428:      _GLIBCXX20_CONSTEXPR
        -: 1429:      basic_string&
        -: 1430:      append(const basic_string& __str, size_type __pos, size_type __n = npos)
        -: 1431:      { return this->append(__str._M_data()
        -: 1432:			    + __str._M_check(__pos, "basic_string::append"),
        -: 1433:			    __str._M_limit(__pos, __n)); }
        -: 1434:
        -: 1435:      /**
        -: 1436:       *  @brief  Append a C substring.
        -: 1437:       *  @param __s  The C string to append.
        -: 1438:       *  @param __n  The number of characters to append.
        -: 1439:       *  @return  Reference to this string.
        -: 1440:       */
        -: 1441:      _GLIBCXX20_CONSTEXPR
        -: 1442:      basic_string&
        -: 1443:      append(const _CharT* __s, size_type __n)
        -: 1444:      {
        -: 1445:	__glibcxx_requires_string_len(__s, __n);
        -: 1446:	_M_check_length(size_type(0), __n, "basic_string::append");
        -: 1447:	return _M_append(__s, __n);
        -: 1448:      }
        -: 1449:
        -: 1450:      /**
        -: 1451:       *  @brief  Append a C string.
        -: 1452:       *  @param __s  The C string to append.
        -: 1453:       *  @return  Reference to this string.
        -: 1454:       */
        -: 1455:      _GLIBCXX20_CONSTEXPR
        -: 1456:      basic_string&
        -: 1457:      append(const _CharT* __s)
        -: 1458:      {
        -: 1459:	__glibcxx_requires_string(__s);
        -: 1460:	const size_type __n = traits_type::length(__s);
        -: 1461:	_M_check_length(size_type(0), __n, "basic_string::append");
        -: 1462:	return _M_append(__s, __n);
        -: 1463:      }
        -: 1464:
        -: 1465:      /**
        -: 1466:       *  @brief  Append multiple characters.
        -: 1467:       *  @param __n  The number of characters to append.
        -: 1468:       *  @param __c  The character to use.
        -: 1469:       *  @return  Reference to this string.
        -: 1470:       *
        -: 1471:       *  Appends __n copies of __c to this string.
        -: 1472:       */
        -: 1473:      _GLIBCXX20_CONSTEXPR
        -: 1474:      basic_string&
        -: 1475:      append(size_type __n, _CharT __c)
        -: 1476:      { return _M_replace_aux(this->size(), size_type(0), __n, __c); }
        -: 1477:
        -: 1478:#if __cplusplus >= 201103L
        -: 1479:      /**
        -: 1480:       *  @brief  Append an initializer_list of characters.
        -: 1481:       *  @param __l  The initializer_list of characters to append.
        -: 1482:       *  @return  Reference to this string.
        -: 1483:       */
        -: 1484:      _GLIBCXX20_CONSTEXPR
        -: 1485:      basic_string&
        -: 1486:      append(initializer_list<_CharT> __l)
        -: 1487:      { return this->append(__l.begin(), __l.size()); }
        -: 1488:#endif // C++11
        -: 1489:
        -: 1490:      /**
        -: 1491:       *  @brief  Append a range of characters.
        -: 1492:       *  @param __first  Iterator referencing the first character to append.
        -: 1493:       *  @param __last  Iterator marking the end of the range.
        -: 1494:       *  @return  Reference to this string.
        -: 1495:       *
        -: 1496:       *  Appends characters in the range [__first,__last) to this string.
        -: 1497:       */
        -: 1498:#if __cplusplus >= 201103L
        -: 1499:      template<class _InputIterator,
        -: 1500:	       typename = std::_RequireInputIter<_InputIterator>>
        -: 1501:	_GLIBCXX20_CONSTEXPR
        -: 1502:#else
        -: 1503:      template<class _InputIterator>
        -: 1504:#endif
        -: 1505:        basic_string&
        -: 1506:        append(_InputIterator __first, _InputIterator __last)
        -: 1507:        { return this->replace(end(), end(), __first, __last); }
        -: 1508:
        -: 1509:#if __cplusplus >= 201703L
        -: 1510:      /**
        -: 1511:       *  @brief  Append a string_view.
        -: 1512:       *  @param __svt  An object convertible to string_view to be appended.
        -: 1513:       *  @return  Reference to this string.
        -: 1514:       */
        -: 1515:      template<typename _Tp>
        -: 1516:	_GLIBCXX20_CONSTEXPR
        -: 1517:        _If_sv<_Tp, basic_string&>
        -: 1518:        append(const _Tp& __svt)
        -: 1519:        {
        -: 1520:          __sv_type __sv = __svt;
        -: 1521:          return this->append(__sv.data(), __sv.size());
        -: 1522:        }
        -: 1523:
        -: 1524:      /**
        -: 1525:       *  @brief  Append a range of characters from a string_view.
        -: 1526:       *  @param __svt  An object convertible to string_view to be appended from.
        -: 1527:       *  @param __pos The position in the string_view to append from.
        -: 1528:       *  @param __n   The number of characters to append from the string_view.
        -: 1529:       *  @return  Reference to this string.
        -: 1530:       */
        -: 1531:      template<typename _Tp>
        -: 1532:	_GLIBCXX20_CONSTEXPR
        -: 1533:        _If_sv<_Tp, basic_string&>
        -: 1534:	append(const _Tp& __svt, size_type __pos, size_type __n = npos)
        -: 1535:	{
        -: 1536:	  __sv_type __sv = __svt;
        -: 1537:	  return _M_append(__sv.data()
        -: 1538:	      + std::__sv_check(__sv.size(), __pos, "basic_string::append"),
        -: 1539:	      std::__sv_limit(__sv.size(), __pos, __n));
        -: 1540:	}
        -: 1541:#endif // C++17
        -: 1542:
        -: 1543:      /**
        -: 1544:       *  @brief  Append a single character.
        -: 1545:       *  @param __c  Character to append.
        -: 1546:       */
        -: 1547:      _GLIBCXX20_CONSTEXPR
        -: 1548:      void
        -: 1549:      push_back(_CharT __c)
        -: 1550:      {
        -: 1551:	const size_type __size = this->size();
        -: 1552:	if (__size + 1 > this->capacity())
        -: 1553:	  this->_M_mutate(__size, size_type(0), 0, size_type(1));
        -: 1554:	traits_type::assign(this->_M_data()[__size], __c);
        -: 1555:	this->_M_set_length(__size + 1);
        -: 1556:      }
        -: 1557:
        -: 1558:      /**
        -: 1559:       *  @brief  Set value to contents of another string.
        -: 1560:       *  @param  __str  Source string to use.
        -: 1561:       *  @return  Reference to this string.
        -: 1562:       */
        -: 1563:      _GLIBCXX20_CONSTEXPR
        -: 1564:      basic_string&
        -: 1565:      assign(const basic_string& __str)
        -: 1566:      {
        -: 1567:#if __cplusplus >= 201103L
        -: 1568:	if (_Alloc_traits::_S_propagate_on_copy_assign())
        -: 1569:	  {
        -: 1570:	    if (!_Alloc_traits::_S_always_equal() && !_M_is_local()
        -: 1571:		&& _M_get_allocator() != __str._M_get_allocator())
        -: 1572:	      {
        -: 1573:		// Propagating allocator cannot free existing storage so must
        -: 1574:		// deallocate it before replacing current allocator.
        -: 1575:		if (__str.size() <= _S_local_capacity)
        -: 1576:		  {
        -: 1577:		    _M_destroy(_M_allocated_capacity);
        -: 1578:		    _M_data(_M_use_local_data());
        -: 1579:		    _M_set_length(0);
        -: 1580:		  }
        -: 1581:		else
        -: 1582:		  {
        -: 1583:		    const auto __len = __str.size();
        -: 1584:		    auto __alloc = __str._M_get_allocator();
        -: 1585:		    // If this allocation throws there are no effects:
        -: 1586:		    auto __ptr = _S_allocate(__alloc, __len + 1);
        -: 1587:		    _M_destroy(_M_allocated_capacity);
        -: 1588:		    _M_data(__ptr);
        -: 1589:		    _M_capacity(__len);
        -: 1590:		    _M_set_length(__len);
        -: 1591:		  }
        -: 1592:	      }
        -: 1593:	    std::__alloc_on_copy(_M_get_allocator(), __str._M_get_allocator());
        -: 1594:	  }
        -: 1595:#endif
        -: 1596:	this->_M_assign(__str);
        -: 1597:	return *this;
        -: 1598:      }
        -: 1599:
        -: 1600:#if __cplusplus >= 201103L
        -: 1601:      /**
        -: 1602:       *  @brief  Set value to contents of another string.
        -: 1603:       *  @param  __str  Source string to use.
        -: 1604:       *  @return  Reference to this string.
        -: 1605:       *
        -: 1606:       *  This function sets this string to the exact contents of @a __str.
        -: 1607:       *  @a __str is a valid, but unspecified string.
        -: 1608:       */
        -: 1609:      _GLIBCXX20_CONSTEXPR
        -: 1610:      basic_string&
        -: 1611:      assign(basic_string&& __str)
        -: 1612:      noexcept(_Alloc_traits::_S_nothrow_move())
        -: 1613:      {
        -: 1614:	// _GLIBCXX_RESOLVE_LIB_DEFECTS
        -: 1615:	// 2063. Contradictory requirements for string move assignment
        -: 1616:	return *this = std::move(__str);
        -: 1617:      }
        -: 1618:#endif // C++11
        -: 1619:
        -: 1620:      /**
        -: 1621:       *  @brief  Set value to a substring of a string.
        -: 1622:       *  @param __str  The string to use.
        -: 1623:       *  @param __pos  Index of the first character of str.
        -: 1624:       *  @param __n  Number of characters to use.
        -: 1625:       *  @return  Reference to this string.
        -: 1626:       *  @throw  std::out_of_range if @a pos is not a valid index.
        -: 1627:       *
        -: 1628:       *  This function sets this string to the substring of @a __str
        -: 1629:       *  consisting of @a __n characters at @a __pos.  If @a __n is
        -: 1630:       *  is larger than the number of available characters in @a
        -: 1631:       *  __str, the remainder of @a __str is used.
        -: 1632:       */
        -: 1633:      _GLIBCXX20_CONSTEXPR
        -: 1634:      basic_string&
        -: 1635:      assign(const basic_string& __str, size_type __pos, size_type __n = npos)
        -: 1636:      { return _M_replace(size_type(0), this->size(), __str._M_data()
        -: 1637:			  + __str._M_check(__pos, "basic_string::assign"),
        -: 1638:			  __str._M_limit(__pos, __n)); }
        -: 1639:
        -: 1640:      /**
        -: 1641:       *  @brief  Set value to a C substring.
        -: 1642:       *  @param __s  The C string to use.
        -: 1643:       *  @param __n  Number of characters to use.
        -: 1644:       *  @return  Reference to this string.
        -: 1645:       *
        -: 1646:       *  This function sets the value of this string to the first @a __n
        -: 1647:       *  characters of @a __s.  If @a __n is is larger than the number of
        -: 1648:       *  available characters in @a __s, the remainder of @a __s is used.
        -: 1649:       */
        -: 1650:      _GLIBCXX20_CONSTEXPR
        -: 1651:      basic_string&
[...]
        -: 4101:{
        -: 4102:_GLIBCXX_BEGIN_NAMESPACE_VERSION
        -: 4103:_GLIBCXX_BEGIN_NAMESPACE_CXX11
        -: 4104:
        -: 4105:#if _GLIBCXX_USE_C99_STDLIB
        -: 4106:  // 21.4 Numeric Conversions [string.conversions].
        -: 4107:  inline int
        -: 4108:  stoi(const string& __str, size_t* __idx = 0, int __base = 10)
        -: 4109:  { return __gnu_cxx::__stoa<long, int>(&std::strtol, "stoi", __str.c_str(),
        -: 4110:					__idx, __base); }
        -: 4111:
        -: 4112:  inline long
        -: 4113:  stol(const string& __str, size_t* __idx = 0, int __base = 10)
        -: 4114:  { return __gnu_cxx::__stoa(&std::strtol, "stol", __str.c_str(),
        -: 4115:			     __idx, __base); }
        -: 4116:
        -: 4117:  inline unsigned long
        -: 4118:  stoul(const string& __str, size_t* __idx = 0, int __base = 10)
        -: 4119:  { return __gnu_cxx::__stoa(&std::strtoul, "stoul", __str.c_str(),
        -: 4120:			     __idx, __base); }
        -: 4121:
        -: 4122:  inline long long
        -: 4123:  stoll(const string& __str, size_t* __idx = 0, int __base = 10)
        -: 4124:  { return __gnu_cxx::__stoa(&std::strtoll, "stoll", __str.c_str(),
        -: 4125:			     __idx, __base); }
        -: 4126:
        -: 4127:  inline unsigned long long
        -: 4128:  stoull(const string& __str, size_t* __idx = 0, int __base = 10)
        -: 4129:  { return __gnu_cxx::__stoa(&std::strtoull, "stoull", __str.c_str(),
        -: 4130:			     __idx, __base); }
        -: 4131:
        -: 4132:  // NB: strtof vs strtod.
        -: 4133:  inline float
        -: 4134:  stof(const string& __str, size_t* __idx = 0)
        -: 4135:  { return __gnu_cxx::__stoa(&std::strtof, "stof", __str.c_str(), __idx); }
        -: 4136:
        -: 4137:  inline double
        -: 4138:  stod(const string& __str, size_t* __idx = 0)
        -: 4139:  { return __gnu_cxx::__stoa(&std::strtod, "stod", __str.c_str(), __idx); }
        -: 4140:
        -: 4141:  inline long double
        -: 4142:  stold(const string& __str, size_t* __idx = 0)
        -: 4143:  { return __gnu_cxx::__stoa(&std::strtold, "stold", __str.c_str(), __idx); }
        -: 4144:#endif // _GLIBCXX_USE_C99_STDLIB
        -: 4145:
        -: 4146:  // DR 1261. Insufficent overloads for to_string / to_wstring
        -: 4147:
        -: 4148:  _GLIBCXX_NODISCARD
        -: 4149:  inline string
        -: 4150:  to_string(int __val)
        -: 4151:#if _GLIBCXX_USE_CXX11_ABI && (__CHAR_BIT__ * __SIZEOF_INT__) <= 32
        -: 4152:  noexcept // any 32-bit value fits in the SSO buffer
        -: 4153:#endif
        -: 4154:  {
        -: 4155:    const bool __neg = __val < 0;
        -: 4156:    const unsigned __uval = __neg ? (unsigned)~__val + 1u : __val;
        -: 4157:    const auto __len = __detail::__to_chars_len(__uval);
        -: 4158:    string __str(__neg + __len, '-');
        -: 4159:    __detail::__to_chars_10_impl(&__str[__neg], __len, __uval);
        -: 4160:    return __str;
        -: 4161:  }
        -: 4162:
        -: 4163:  _GLIBCXX_NODISCARD
        -: 4164:  inline string
        -: 4165:  to_string(unsigned __val)
        -: 4166:#if _GLIBCXX_USE_CXX11_ABI && (__CHAR_BIT__ * __SIZEOF_INT__) <= 32
        -: 4167:  noexcept // any 32-bit value fits in the SSO buffer
        -: 4168:#endif
        -: 4169:  {
        -: 4170:    string __str(__detail::__to_chars_len(__val), '\0');
        -: 4171:    __detail::__to_chars_10_impl(&__str[0], __str.size(), __val);
        -: 4172:    return __str;
        -: 4173:  }
        -: 4174:
        -: 4175:  _GLIBCXX_NODISCARD
        -: 4176:  inline string
        -: 4177:  to_string(long __val)
        -: 4178:#if _GLIBCXX_USE_CXX11_ABI && (__CHAR_BIT__ * __SIZEOF_LONG__) <= 32
        -: 4179:  noexcept // any 32-bit value fits in the SSO buffer
        -: 4180:#endif
        -: 4181:  {
        -: 4182:    const bool __neg = __val < 0;
        -: 4183:    const unsigned long __uval = __neg ? (unsigned long)~__val + 1ul : __val;
        -: 4184:    const auto __len = __detail::__to_chars_len(__uval);
        -: 4185:    string __str(__neg + __len, '-');
        -: 4186:    __detail::__to_chars_10_impl(&__str[__neg], __len, __uval);
        -: 4187:    return __str;
        -: 4188:  }
        -: 4189:
        -: 4190:  _GLIBCXX_NODISCARD
        -: 4191:  inline string
        -: 4192:  to_string(unsigned long __val)
        -: 4193:#if _GLIBCXX_USE_CXX11_ABI && (__CHAR_BIT__ * __SIZEOF_LONG__) <= 32
        -: 4194:  noexcept // any 32-bit value fits in the SSO buffer
        -: 4195:#endif
        -: 4196:  {
        -: 4197:    string __str(__detail::__to_chars_len(__val), '\0');
        -: 4198:    __detail::__to_chars_10_impl(&__str[0], __str.size(), __val);
        -: 4199:    return __str;
        -: 4200:  }
        -: 4201:
        -: 4202:  _GLIBCXX_NODISCARD
        -: 4203:  inline string
        -: 4204:  to_string(long long __val)
        -: 4205:  {
        -: 4206:    const bool __neg = __val < 0;
        -: 4207:    const unsigned long long __uval
        -: 4208:      = __neg ? (unsigned long long)~__val + 1ull : __val;
        -: 4209:    const auto __len = __detail::__to_chars_len(__uval);
        -: 4210:    string __str(__neg + __len, '-');
        -: 4211:    __detail::__to_chars_10_impl(&__str[__neg], __len, __uval);
        -: 4212:    return __str;
        -: 4213:  }
        -: 4214:
        -: 4215:  _GLIBCXX_NODISCARD
        -: 4216:  inline string
        -: 4217:  to_string(unsigned long long __val)
        -: 4218:  {
        -: 4219:    string __str(__detail::__to_chars_len(__val), '\0');
        -: 4220:    __detail::__to_chars_10_impl(&__str[0], __str.size(), __val);
        -: 4221:    return __str;
        -: 4222:  }
        -: 4223:
        -: 4224:#if _GLIBCXX_USE_C99_STDIO
        -: 4225:  // NB: (v)snprintf vs sprintf.
        -: 4226:
        -: 4227:  _GLIBCXX_NODISCARD
        -: 4228:  inline string
        -: 4229:  to_string(float __val)
        -: 4230:  {
        -: 4231:    const int __n = 
        -: 4232:      __gnu_cxx::__numeric_traits<float>::__max_exponent10 + 20;
        -: 4233:    return __gnu_cxx::__to_xstring<string>(&std::vsnprintf, __n,
        -: 4234:					   "%f", __val);
        -: 4235:  }
        -: 4236:
        -: 4237:  _GLIBCXX_NODISCARD
        -: 4238:  inline string
        -: 4239:  to_string(double __val)
        -: 4240:  {
        -: 4241:    const int __n = 
        -: 4242:      __gnu_cxx::__numeric_traits<double>::__max_exponent10 + 20;
        -: 4243:    return __gnu_cxx::__to_xstring<string>(&std::vsnprintf, __n,
        -: 4244:					   "%f", __val);
        -: 4245:  }
        -: 4246:
        -: 4247:  _GLIBCXX_NODISCARD
        -: 4248:  inline string
        -: 4249:  to_string(long double __val)
        -: 4250:  {
        -: 4251:    const int __n = 
        -: 4252:      __gnu_cxx::__numeric_traits<long double>::__max_exponent10 + 20;
        -: 4253:    return __gnu_cxx::__to_xstring<string>(&std::vsnprintf, __n,
        -: 4254:					   "%Lf", __val);
        -: 4255:  }
        -: 4256:#endif // _GLIBCXX_USE_C99_STDIO
        -: 4257:
        -: 4258:#if defined(_GLIBCXX_USE_WCHAR_T) && _GLIBCXX_USE_C99_WCHAR
        -: 4259:  inline int 
        -: 4260:  stoi(const wstring& __str, size_t* __idx = 0, int __base = 10)
        -: 4261:  { return __gnu_cxx::__stoa<long, int>(&std::wcstol, "stoi", __str.c_str(),
        -: 4262:					__idx, __base); }
        -: 4263:
        -: 4264:  inline long 
        -: 4265:  stol(const wstring& __str, size_t* __idx = 0, int __base = 10)
        -: 4266:  { return __gnu_cxx::__stoa(&std::wcstol, "stol", __str.c_str(),
        -: 4267:			     __idx, __base); }
        -: 4268:
        -: 4269:  inline unsigned long
        -: 4270:  stoul(const wstring& __str, size_t* __idx = 0, int __base = 10)
        -: 4271:  { return __gnu_cxx::__stoa(&std::wcstoul, "stoul", __str.c_str(),
        -: 4272:			     __idx, __base); }
        -: 4273:
        -: 4274:  inline long long
        -: 4275:  stoll(const wstring& __str, size_t* __idx = 0, int __base = 10)
        -: 4276:  { return __gnu_cxx::__stoa(&std::wcstoll, "stoll", __str.c_str(),
        -: 4277:			     __idx, __base); }
        -: 4278:
        -: 4279:  inline unsigned long long
        -: 4280:  stoull(const wstring& __str, size_t* __idx = 0, int __base = 10)
        -: 4281:  { return __gnu_cxx::__stoa(&std::wcstoull, "stoull", __str.c_str(),
        -: 4282:			     __idx, __base); }
        -: 4283:
        -: 4284:  // NB: wcstof vs wcstod.
        -: 4285:  inline float
        -: 4286:  stof(const wstring& __str, size_t* __idx = 0)
        -: 4287:  { return __gnu_cxx::__stoa(&std::wcstof, "stof", __str.c_str(), __idx); }
        -: 4288:
        -: 4289:  inline double
        -: 4290:  stod(const wstring& __str, size_t* __idx = 0)
        -: 4291:  { return __gnu_cxx::__stoa(&std::wcstod, "stod", __str.c_str(), __idx); }
        -: 4292:
        -: 4293:  inline long double
        -: 4294:  stold(const wstring& __str, size_t* __idx = 0)
        -: 4295:  { return __gnu_cxx::__stoa(&std::wcstold, "stold", __str.c_str(), __idx); }
        -: 4296:
        -: 4297:#ifndef _GLIBCXX_HAVE_BROKEN_VSWPRINTF
        -: 4298:  // DR 1261.
        -: 4299:  _GLIBCXX_NODISCARD
        -: 4300:  inline wstring
        -: 4301:  to_wstring(int __val)
        -: 4302:  { return __gnu_cxx::__to_xstring<wstring>(&std::vswprintf, 4 * sizeof(int),
        -: 4303:					    L"%d", __val); }
        -: 4304:
        -: 4305:  _GLIBCXX_NODISCARD
        -: 4306:  inline wstring
        -: 4307:  to_wstring(unsigned __val)
        -: 4308:  { return __gnu_cxx::__to_xstring<wstring>(&std::vswprintf,
        -: 4309:					    4 * sizeof(unsigned),
        -: 4310:					    L"%u", __val); }
        -: 4311:
        -: 4312:  _GLIBCXX_NODISCARD
        -: 4313:  inline wstring
        -: 4314:  to_wstring(long __val)
        -: 4315:  { return __gnu_cxx::__to_xstring<wstring>(&std::vswprintf, 4 * sizeof(long),
        -: 4316:					    L"%ld", __val); }
        -: 4317:
        -: 4318:  _GLIBCXX_NODISCARD
        -: 4319:  inline wstring
        -: 4320:  to_wstring(unsigned long __val)
        -: 4321:  { return __gnu_cxx::__to_xstring<wstring>(&std::vswprintf,
        -: 4322:					    4 * sizeof(unsigned long),
        -: 4323:					    L"%lu", __val); }
        -: 4324:
        -: 4325:  _GLIBCXX_NODISCARD
        -: 4326:  inline wstring
        -: 4327:  to_wstring(long long __val)
        -: 4328:  { return __gnu_cxx::__to_xstring<wstring>(&std::vswprintf,
        -: 4329:					    4 * sizeof(long long),
        -: 4330:					    L"%lld", __val); }
        -: 4331:
        -: 4332:  _GLIBCXX_NODISCARD
        -: 4333:  inline wstring
        -: 4334:  to_wstring(unsigned long long __val)
        -: 4335:  { return __gnu_cxx::__to_xstring<wstring>(&std::vswprintf,
        -: 4336:					    4 * sizeof(unsigned long long),
        -: 4337:					    L"%llu", __val); }
        -: 4338:
        -: 4339:  _GLIBCXX_NODISCARD
        -: 4340:  inline wstring
        -: 4341:  to_wstring(float __val)
        -: 4342:  {
        -: 4343:    const int __n =
        -: 4344:      __gnu_cxx::__numeric_traits<float>::__max_exponent10 + 20;
        -: 4345:    return __gnu_cxx::__to_xstring<wstring>(&std::vswprintf, __n,
        -: 4346:					    L"%f", __val);
        -: 4347:  }
        -: 4348:
        -: 4349:  _GLIBCXX_NODISCARD
        -: 4350:  inline wstring
        -: 4351:  to_wstring(double __val)
        -: 4352:  {
        -: 4353:    const int __n =
        -: 4354:      __gnu_cxx::__numeric_traits<double>::__max_exponent10 + 20;
        -: 4355:    return __gnu_cxx::__to_xstring<wstring>(&std::vswprintf, __n,
        -: 4356:					    L"%f", __val);
        -: 4357:  }
        -: 4358:
        -: 4359:  _GLIBCXX_NODISCARD
        -: 4360:  inline wstring
        -: 4361:  to_wstring(long double __val)
        -: 4362:  {
        -: 4363:    const int __n =
        -: 4364:      __gnu_cxx::__numeric_traits<long double>::__max_exponent10 + 20;
        -: 4365:    return __gnu_cxx::__to_xstring<wstring>(&std::vswprintf, __n,
        -: 4366:					    L"%Lf", __val);
        -: 4367:  }
        -: 4368:#endif // _GLIBCXX_HAVE_BROKEN_VSWPRINTF
        -: 4369:#endif // _GLIBCXX_USE_WCHAR_T && _GLIBCXX_USE_C99_WCHAR
        -: 4370:
        -: 4371:_GLIBCXX_END_NAMESPACE_CXX11
        -: 4372:_GLIBCXX_END_NAMESPACE_VERSION
        -: 4373:} // namespace
        -: 4374:
        -: 4375:#endif /* C++11 */
        -: 4376:
        -: 4377:#if __cplusplus >= 201103L
        -: 4378:
        -: 4379:#include <bits/functional_hash.h>
        -: 4380:
        -: 4381:namespace std _GLIBCXX_VISIBILITY(default)
        -: 4382:{
        -: 4383:_GLIBCXX_BEGIN_NAMESPACE_VERSION
        -: 4384:
        -: 4385:  // _GLIBCXX_RESOLVE_LIB_DEFECTS
        -: 4386:  // 3705. Hashability shouldn't depend on basic_string's allocator
        -: 4387:
        -: 4388:  template<typename _CharT, typename _Alloc,
        -: 4389:	   typename _StrT = basic_string<_CharT, char_traits<_CharT>, _Alloc>>
        -: 4390:    struct __str_hash_base
        -: 4391:    : public __hash_base<size_t, _StrT>
        -: 4392:    {
        -: 4393:      [[__nodiscard__]]
        -: 4394:      size_t
        -: 4395:      operator()(const _StrT& __s) const noexcept
        -: 4396:      { return _Hash_impl::hash(__s.data(), __s.length() * sizeof(_CharT)); }
        -: 4397:    };
        -: 4398:
        -: 4399:#ifndef _GLIBCXX_COMPATIBILITY_CXX0X
        -: 4400:  /// std::hash specialization for string.
        -: 4401:  template<typename _Alloc>
        -: 4402:    struct hash<basic_string<char, char_traits<char>, _Alloc>>
        -: 4403:    : public __str_hash_base<char, _Alloc>
        -: 4404:    { };
        -: 4405:
        -: 4406:  /// std::hash specialization for wstring.
        -: 4407:  template<typename _Alloc>
        -: 4408:    struct hash<basic_string<wchar_t, char_traits<wchar_t>, _Alloc>>
        -: 4409:    : public __str_hash_base<wchar_t, _Alloc>
        -: 4410:    { };
        -: 4411:
        -: 4412:  template<typename _Alloc>
        -: 4413:    struct __is_fast_hash<hash<basic_string<wchar_t, char_traits<wchar_t>,
        -: 4414:					    _Alloc>>>
        -: 4415:    : std::false_type
        -: 4416:    { };
        -: 4417:#endif /* _GLIBCXX_COMPATIBILITY_CXX0X */
        -: 4418:
        -: 4419:#ifdef _GLIBCXX_USE_CHAR8_T
        -: 4420:  /// std::hash specialization for u8string.
        -: 4421:  template<typename _Alloc>
        -: 4422:    struct hash<basic_string<char8_t, char_traits<char8_t>, _Alloc>>
        -: 4423:    : public __str_hash_base<char8_t, _Alloc>
        -: 4424:    { };
        -: 4425:#endif
        -: 4426:
        -: 4427:  /// std::hash specialization for u16string.
        -: 4428:  template<typename _Alloc>
        -: 4429:    struct hash<basic_string<char16_t, char_traits<char16_t>, _Alloc>>
        -: 4430:    : public __str_hash_base<char16_t, _Alloc>
        -: 4431:    { };
        -: 4432:
        -: 4433:  /// std::hash specialization for u32string.
        -: 4434:  template<typename _Alloc>
        -: 4435:    struct hash<basic_string<char32_t, char_traits<char32_t>, _Alloc>>
        -: 4436:    : public __str_hash_base<char32_t, _Alloc>
        -: 4437:    { };
        -: 4438:
        -: 4439:#if ! _GLIBCXX_INLINE_VERSION
        -: 4440:  // PR libstdc++/105907 - __is_fast_hash affects unordered container ABI.
        -: 4441:  template<> struct __is_fast_hash<hash<string>> : std::false_type { };
        -: 4442:  template<> struct __is_fast_hash<hash<wstring>> : std::false_type { };
        -: 4443:  template<> struct __is_fast_hash<hash<u16string>> : std::false_type { };
        -: 4444:  template<> struct __is_fast_hash<hash<u32string>> : std::false_type { };
        -: 4445:#ifdef _GLIBCXX_USE_CHAR8_T
        -: 4446:  template<> struct __is_fast_hash<hash<u8string>> : std::false_type { };
        -: 4447:#endif
        -: 4448:#else
        -: 4449:  // For versioned namespace, assume every std::hash<basic_string<>> is slow.
        -: 4450:  template<typename _CharT, typename _Traits, typename _Alloc>
        -: 4451:    struct __is_fast_hash<hash<basic_string<_CharT, _Traits, _Alloc>>>
        -: 4452:    : std::false_type
        -: 4453:    { };
        -: 4454:#endif
        -: 4455:
        -: 4456:#if __cplusplus >= 201402L
        -: 4457:
        -: 4458:#define __cpp_lib_string_udls 201304L
        -: 4459:
        -: 4460:  inline namespace literals
        -: 4461:  {
        -: 4462:  inline namespace string_literals
        -: 4463:  {
        -: 4464:#pragma GCC diagnostic push
        -: 4465:#pragma GCC diagnostic ignored "-Wliteral-suffix"
        -: 4466:
        -: 4467:#if __cpp_lib_constexpr_string >= 201907L
        -: 4468:# define _GLIBCXX_STRING_CONSTEXPR constexpr
        -: 4469:#else
        -: 4470:# define _GLIBCXX_STRING_CONSTEXPR
        -: 4471:#endif
        -: 4472:
        -: 4473:    _GLIBCXX_DEFAULT_ABI_TAG _GLIBCXX_STRING_CONSTEXPR
        -: 4474:    inline basic_string<char>
        -: 4475:    operator""s(const char* __str, size_t __len)
        -: 4476:    { return basic_string<char>{__str, __len}; }
        -: 4477:
        -: 4478:    _GLIBCXX_DEFAULT_ABI_TAG _GLIBCXX_STRING_CONSTEXPR
        -: 4479:    inline basic_string<wchar_t>
        -: 4480:    operator""s(const wchar_t* __str, size_t __len)
        -: 4481:    { return basic_string<wchar_t>{__str, __len}; }
        -: 4482:
        -: 4483:#ifdef _GLIBCXX_USE_CHAR8_T
        -: 4484:    _GLIBCXX_DEFAULT_ABI_TAG _GLIBCXX_STRING_CONSTEXPR
        -: 4485:    inline basic_string<char8_t>
        -: 4486:    operator""s(const char8_t* __str, size_t __len)
        -: 4487:    { return basic_string<char8_t>{__str, __len}; }
        -: 4488:#endif
        -: 4489:
        -: 4490:    _GLIBCXX_DEFAULT_ABI_TAG _GLIBCXX_STRING_CONSTEXPR
        -: 4491:    inline basic_string<char16_t>
        -: 4492:    operator""s(const char16_t* __str, size_t __len)
        -: 4493:    { return basic_string<char16_t>{__str, __len}; }
        -: 4494:
        -: 4495:    _GLIBCXX_DEFAULT_ABI_TAG _GLIBCXX_STRING_CONSTEXPR
        -: 4496:    inline basic_string<char32_t>
        -: 4497:    operator""s(const char32_t* __str, size_t __len)
        -: 4498:    { return basic_string<char32_t>{__str, __len}; }
        -: 4499:
        -: 4500:#undef _GLIBCXX_STRING_CONSTEXPR
        -: 4501:#pragma GCC diagnostic pop
        -: 4502:  } // inline namespace string_literals
        -: 4503:  } // inline namespace literals
        -: 4504:
        -: 4505:#if __cplusplus >= 201703L
        -: 4506:  namespace __detail::__variant
        -: 4507:  {
        -: 4508:    template<typename> struct _Never_valueless_alt; // see <variant>
        -: 4509:
        -: 4510:    // Provide the strong exception-safety guarantee when emplacing a
        -: 4511:    // basic_string into a variant, but only if moving the string cannot throw.
        -: 4512:    template<typename _Tp, typename _Traits, typename _Alloc>
        -: 4513:      struct _Never_valueless_alt<std::basic_string<_Tp, _Traits, _Alloc>>
        -: 4514:      : __and_<
        -: 4515:	is_nothrow_move_constructible<std::basic_string<_Tp, _Traits, _Alloc>>,
        -: 4516:	is_nothrow_move_assignable<std::basic_string<_Tp, _Traits, _Alloc>>
        -: 4517:	>::type
        -: 4518:      { };
        -: 4519:  }  // namespace __detail::__variant
        -: 4520:#endif // C++17
        -: 4521:#endif // C++14
        -: 4522:
        -: 4523:_GLIBCXX_END_NAMESPACE_VERSION
        -: 4524:} // namespace std
        -: 4525:
        -: 4526:#endif // C++11
        -: 4527:
        -: 4528:#endif /* _BASIC_STRING_H */
