        -:    0:Source:C:/Users/Stephen/OneDrive - Technological University Dublin/TU821-2/Sem2/Software/Project/Director.h
        -:    0:Graph:C:/Users/Stephen/OneDrive - Technological University Dublin/TU821-2/Sem2/Software/Project/build/CMakeFiles/MediaTests.dir/Director.gcno
        -:    0:Data:C:/Users/Stephen/OneDrive - Technological University Dublin/TU821-2/Sem2/Software/Project/build/CMakeFiles/MediaTests.dir/Director.gcda
        -:    0:Runs:9
        -:    1:#ifndef DIRECTOR_H
        -:    2:#define DIRECTOR_H
        -:    3:
        -:    4:#pragma once
        -:    5:using namespace std;
        -:    6:#include <string>
        -:    7:#include <iostream>
        -:    8:#include <vector>
        -:    9:#include "Media.h"
        -:   10:
        -:   11:class Media; // Forward declaration of the Media class to avoid compilation error 
        -:   12:
        -:   13:class Director
        -:   14:{
        -:   15:public:
        -:   16:    Director(); // Default constructor
        -:   17:    Director(int val1, int val2); // Constructor with parameters (overloaded constructor)
        -:   18:    ~Director(); // Destructor
        -:   19:
        -:   20:    Director(const Director& source); // Copy constructor
        -:   21:    Director& operator=(const Director& source); // Assignment operator
        -:   22:
        -:   23:    void setExperienceYears(int val) { experienceYears = val; } // Setter function
    #####:   24:    int getExperienceYears() { return experienceYears; } // Getter function
    #####:   25:    int getAwardsWon() { return awardsWon; } // Getter function
        -:   26:
        -:   27:    void addMedia(Media* media); // Function to add media to the director
        -:   28:    void display(); //  Display function
        -:   29:    // Ostream & istream operators
        -:   30:    friend ostream& operator<<(ostream& os,  Director& director);
        -:   31:    friend istream& operator>>(istream& is, Director& director);
        -:   32:
        -:   33:private:
        -:   34:    int experienceYears;
        -:   35:    int awardsWon;
        -:   36:    vector<Media*> mediaList; // 1:M relationship, mainting a list of media objects directed by this director
        -:   37:    const int maxNofItems; // Stores all media directed by this director
        -:   38:};
        -:   39:
        -:   40:#endif
