        -:    0:Source:C:/Users/Stephen/OneDrive - Technological University Dublin/TU821-2/Sem2/Software/Project/Streaming_Service.h
        -:    0:Graph:C:/Users/Stephen/OneDrive - Technological University Dublin/TU821-2/Sem2/Software/Project/build/CMakeFiles/MediaTests.dir/Streaming_Service.gcno
        -:    0:Data:C:/Users/Stephen/OneDrive - Technological University Dublin/TU821-2/Sem2/Software/Project/build/CMakeFiles/MediaTests.dir/Streaming_Service.gcda
        -:    0:Runs:9
        -:    1:#ifndef STREAMING_SERVICE_H
        -:    2:#define STREAMING_SERVICE_H
        -:    3:
        -:    4:#pragma once
        -:    5:using namespace std; 
        -:    6:#include <string>
        -:    7:#include <iostream>
        -:    8:
        -:    9:
        -:   10:class Streaming_Service
        -:   11:{
        -:   12:public:
        -:   13:    Streaming_Service(); // Default constructor
        -:   14:    ~Streaming_Service(); // Destructor
        -:   15:    Streaming_Service(int val1, string val2); // Constructor with parameters
        -:   16:
        -:   17:    void setPrice(int val) { price = val; } // Setter function
    #####:   18:    int getPrice() { return price; } // Getter function
        -:   19:    void setAvailableRegion(string val) { availableRegions = val; } // Setter function
    #####:   20:    string getAvailableRegion() { return availableRegions; } // Getter function
        -:   21:    void display(); // Display function
        -:   22:    // Overloaded operators
        -:   23:    friend ostream& operator<<(ostream& os,  Streaming_Service& service); //ostream operator 
        -:   24:    friend istream& operator>>(istream& is, Streaming_Service& service); //istream operator 
        -:   25:
        -:   26:   
        -:   27:
        -:   28:    
        -:   29:
        -:   30:private:
        -:   31:    int price;
        -:   32:    string availableRegions;
        -:   33:};
        -:   34:
        -:   35:    bool operator==(Streaming_Service& lhs, Streaming_Service& rhs); 
        -:   36:    bool operator!=(Streaming_Service& lhs, Streaming_Service& rhs); 
        -:   37:    bool operator<(Streaming_Service& lhs, Streaming_Service& rhs); 
        -:   38:    bool operator>(Streaming_Service& lhs, Streaming_Service& rhs);   
        -:   39:    
        -:   40:
        -:   41:#endif
